\BOOKMARK [0][-]{chapter.1}{\376\377\0001\000\040\004\041\004\077\004\070\004\101\004\076\004\072\000\040\004\067\004\060\004\064\004\060\004\107}{}% 1
\BOOKMARK [0][-]{chapter.2}{\376\377\0002\000\040\004\043\004\072\004\060\004\067\004\060\004\102\004\065\004\073\004\114\000\040\004\074\004\076\004\064\004\103\004\073\004\065\004\071}{}% 2
\BOOKMARK [1][-]{section.2.1}{\376\377\0002\000.\0001\000\040\004\043\004\072\004\060\004\067\004\060\004\102\004\065\004\073\004\114\000\040\004\074\004\076\004\064\004\103\004\073\004\065\004\071}{chapter.2}% 3
\BOOKMARK [0][-]{chapter.3}{\376\377\0003\000\040\004\042\004\070\004\077\004\113\000\040\004\064\004\060\004\075\004\075\004\113\004\105}{}% 4
\BOOKMARK [1][-]{section.3.1}{\376\377\0003\000.\0001\000\040\004\042\004\070\004\077\004\113\000\040\004\064\004\060\004\075\004\075\004\113\004\105}{chapter.3}% 5
\BOOKMARK [0][-]{chapter.4}{\376\377\0004\000\040\004\041\004\077\004\070\004\101\004\076\004\072\000\040\004\104\004\060\004\071\004\073\004\076\004\062}{}% 6
\BOOKMARK [1][-]{section.4.1}{\376\377\0004\000.\0001\000\040\004\044\004\060\004\071\004\073\004\113}{chapter.4}% 7
\BOOKMARK [0][-]{chapter.5}{\376\377\0005\000\040\004\023\004\100\004\103\004\077\004\077\004\113}{}% 8
\BOOKMARK [1][-]{section.5.1}{\376\377\0005\000.\0001\000\040\004\034\004\076\004\064\004\103\004\073\004\114\000\040\000c\000u\000t\000\137\000o\000f\000f\000\137\000f\000u\000n\000c\000t\000i\000o\000n}{chapter.5}% 9
\BOOKMARK [2][-]{subsection.5.1.1}{\376\377\0005\000.\0001\000.\0001\000\040\004\044\004\103\004\075\004\072\004\106\004\070\004\070\000/\004\077\004\076\004\064\004\077\004\100\004\076\004\063\004\100\004\060\004\074\004\074\004\113}{section.5.1}% 10
\BOOKMARK [3][-]{subsubsection.5.1.1.1}{\376\377\0005\000.\0001\000.\0001\000.\0001\000\040\000d\000f\000\137\000c\000u\000t\000\050\000\051}{subsection.5.1.1}% 11
\BOOKMARK [3][-]{subsubsection.5.1.1.2}{\376\377\0005\000.\0001\000.\0001\000.\0002\000\040\000f\000\137\000c\000u\000t\000\050\000\051}{subsection.5.1.1}% 12
\BOOKMARK [1][-]{section.5.2}{\376\377\0005\000.\0002\000\040\004\034\004\076\004\064\004\103\004\073\004\114\000\040\000c\000u\000t\000\137\000o\000f\000f\000\137\000p\000o\000l\000y}{chapter.5}% 13
\BOOKMARK [2][-]{subsection.5.2.1}{\376\377\0005\000.\0002\000.\0001\000\040\004\044\004\103\004\075\004\072\004\106\004\070\004\070\000/\004\077\004\076\004\064\004\077\004\100\004\076\004\063\004\100\004\060\004\074\004\074\004\113}{section.5.2}% 14
\BOOKMARK [3][-]{subsubsection.5.2.1.1}{\376\377\0005\000.\0002\000.\0001\000.\0001\000\040\000d\000f\000\137\000c\000u\000t\000\050\000\051}{subsection.5.2.1}% 15
\BOOKMARK [3][-]{subsubsection.5.2.1.2}{\376\377\0005\000.\0002\000.\0001\000.\0002\000\040\000f\000\137\000c\000u\000t\000\050\000\051}{subsection.5.2.1}% 16
\BOOKMARK [3][-]{subsubsection.5.2.1.3}{\376\377\0005\000.\0002\000.\0001\000.\0003\000\040\000f\000\137\000d\000f\000r\000\137\000c\000u\000t\000\050\000\051}{subsection.5.2.1}% 17
\BOOKMARK [1][-]{section.5.3}{\376\377\0005\000.\0003\000\040\004\034\004\076\004\064\004\103\004\073\004\114\000\040\000f\000i\000t\000\137\000g\000r\000\137\000m\000o\000i\000r\000e}{chapter.5}% 18
\BOOKMARK [2][-]{subsection.5.3.1}{\376\377\0005\000.\0003\000.\0001\000\040\004\044\004\103\004\075\004\072\004\106\004\070\004\070\000/\004\077\004\076\004\064\004\077\004\100\004\076\004\063\004\100\004\060\004\074\004\074\004\113}{section.5.3}% 19
\BOOKMARK [3][-]{subsubsection.5.3.1.1}{\376\377\0005\000.\0003\000.\0001\000.\0001\000\040\000c\000a\000l\000c\000\137\000e\000r\000r\000o\000r\000\050\000\051}{subsection.5.3.1}% 20
\BOOKMARK [3][-]{subsubsection.5.3.1.2}{\376\377\0005\000.\0003\000.\0001\000.\0002\000\040\000s\000e\000t\000\137\000f\000i\000t\000t\000i\000n\000g\000\137\000p\000a\000r\000a\000m\000e\000t\000e\000r\000s\000\050\000\051}{subsection.5.3.1}% 21
\BOOKMARK [2][-]{subsection.5.3.2}{\376\377\0005\000.\0003\000.\0002\000\040\004\037\004\065\004\100\004\065\004\074\004\065\004\075\004\075\004\113\004\065}{section.5.3}% 22
\BOOKMARK [3][-]{subsubsection.5.3.2.1}{\376\377\0005\000.\0003\000.\0002\000.\0001\000\040\000a\000r\000\137\000c\000\137\000n\000u\000m}{subsection.5.3.2}% 23
\BOOKMARK [3][-]{subsubsection.5.3.2.2}{\376\377\0005\000.\0003\000.\0002\000.\0002\000\040\000a\000r\000\137\000f\000i\000n\000a\000l\000\137\000f\000i\000l\000e}{subsection.5.3.2}% 24
\BOOKMARK [3][-]{subsubsection.5.3.2.3}{\376\377\0005\000.\0003\000.\0002\000.\0003\000\040\000a\000r\000\137\000g\000r\000d\0000}{subsection.5.3.2}% 25
\BOOKMARK [3][-]{subsubsection.5.3.2.4}{\376\377\0005\000.\0003\000.\0002\000.\0004\000\040\000a\000r\000\137\000s\000e\000t\000t\000i\000n\000g\000s\000\137\000f\000i\000l\000e\000n\000a\000m\000e}{subsection.5.3.2}% 26
\BOOKMARK [3][-]{subsubsection.5.3.2.5}{\376\377\0005\000.\0003\000.\0002\000.\0005\000\040\000a\000r\000\137\000s\000t\000a\000r\000t\000\137\000x\000y\000z\000\137\000f\000i\000l\000e}{subsection.5.3.2}% 27
\BOOKMARK [3][-]{subsubsection.5.3.2.6}{\376\377\0005\000.\0003\000.\0002\000.\0006\000\040\000a\000r\000\137\000x\000y\000z\000\137\000f\000i\000l\000e}{subsection.5.3.2}% 28
\BOOKMARK [3][-]{subsubsection.5.3.2.7}{\376\377\0005\000.\0003\000.\0002\000.\0007\000\040\000a\000r\000\137\000z\000e\000r\000o\000\137\000e\000n\000e\000r\000g\000y\000\137\000l\000e\000v\000e\000l}{subsection.5.3.2}% 29
\BOOKMARK [3][-]{subsubsection.5.3.2.8}{\376\377\0005\000.\0003\000.\0002\000.\0008\000\040\000b\000e\0000}{subsection.5.3.2}% 30
\BOOKMARK [3][-]{subsubsection.5.3.2.9}{\376\377\0005\000.\0003\000.\0002\000.\0009\000\040\000f\000i\000n\000a\000l\000\137\000o\000u\000t\000\137\000i\000d}{subsection.5.3.2}% 31
\BOOKMARK [3][-]{subsubsection.5.3.2.10}{\376\377\0005\000.\0003\000.\0002\000.\0001\0000\000\040\000i\000n\000p\000u\000t\000\137\000p\000a\000t\000h}{subsection.5.3.2}% 32
\BOOKMARK [3][-]{subsubsection.5.3.2.11}{\376\377\0005\000.\0003\000.\0002\000.\0001\0001\000\040\000i\000n\000t\000e\000r\000a\000c\000t\000i\000o\000n\000\137\000n\000a\000m\000e}{subsection.5.3.2}% 33
\BOOKMARK [3][-]{subsubsection.5.3.2.12}{\376\377\0005\000.\0003\000.\0002\000.\0001\0002\000\040\000l\000i\000n\000e}{subsection.5.3.2}% 34
\BOOKMARK [3][-]{subsubsection.5.3.2.13}{\376\377\0005\000.\0003\000.\0002\000.\0001\0003\000\040\000n\000u\000m\000\137\000o\000f\000\137\000o\000m\000p\000\137\000t\000r\000e\000a\000d\000s}{subsection.5.3.2}% 35
\BOOKMARK [3][-]{subsubsection.5.3.2.14}{\376\377\0005\000.\0003\000.\0002\000.\0001\0004\000\040\000o\000i\000d}{subsection.5.3.2}% 36
\BOOKMARK [3][-]{subsubsection.5.3.2.15}{\376\377\0005\000.\0003\000.\0002\000.\0001\0005\000\040\000o\000u\000t\000\137\000i\000d}{subsection.5.3.2}% 37
\BOOKMARK [3][-]{subsubsection.5.3.2.16}{\376\377\0005\000.\0003\000.\0002\000.\0001\0006\000\040\000o\000u\000t\000\137\000p\000a\000t\000h}{subsection.5.3.2}% 38
\BOOKMARK [3][-]{subsubsection.5.3.2.17}{\376\377\0005\000.\0003\000.\0002\000.\0001\0007\000\040\000o\000u\000t\000\137\000p\000e\000r\000i\000o\000d}{subsection.5.3.2}% 39
\BOOKMARK [3][-]{subsubsection.5.3.2.18}{\376\377\0005\000.\0003\000.\0002\000.\0001\0008\000\040\000o\000u\000t\000p\000u\000t\000\137\000p\000r\000e\000f\000i\000x}{subsection.5.3.2}% 40
\BOOKMARK [3][-]{subsubsection.5.3.2.19}{\376\377\0005\000.\0003\000.\0002\000.\0001\0009\000\040\000p\000a\000r\000a\000m\000\137\000f\000i\000l\000e}{subsection.5.3.2}% 41
\BOOKMARK [3][-]{subsubsection.5.3.2.20}{\376\377\0005\000.\0003\000.\0002\000.\0002\0000\000\040\000r\000c\000u\000t}{subsection.5.3.2}% 42
\BOOKMARK [3][-]{subsubsection.5.3.2.21}{\376\377\0005\000.\0003\000.\0002\000.\0002\0001\000\040\000s\000i\000m\000\137\000n\000u\000m}{subsection.5.3.2}% 43
\BOOKMARK [3][-]{subsubsection.5.3.2.22}{\376\377\0005\000.\0003\000.\0002\000.\0002\0002\000\040\000s\000i\000m\000p\000l\000i\000f\000i\000e\000d}{subsection.5.3.2}% 44
\BOOKMARK [3][-]{subsubsection.5.3.2.23}{\376\377\0005\000.\0003\000.\0002\000.\0002\0003\000\040\000z}{subsection.5.3.2}% 45
\BOOKMARK [1][-]{section.5.4}{\376\377\0005\000.\0004\000\040\004\034\004\076\004\064\004\103\004\073\004\114\000\040\000g\000r\000a\000p\000h\000e\000n\000e\000\137\000o\000n\000\137\000s\000u\000r\000f\000a\000c\000e\000\137\000a\000n\000a\000l\000y\000s\000i\000s}{chapter.5}% 46
\BOOKMARK [2][-]{subsection.5.4.1}{\376\377\0005\000.\0004\000.\0001\000\040\004\044\004\103\004\075\004\072\004\106\004\070\004\070\000/\004\077\004\076\004\064\004\077\004\100\004\076\004\063\004\100\004\060\004\074\004\074\004\113}{section.5.4}% 47
\BOOKMARK [3][-]{subsubsection.5.4.1.1}{\376\377\0005\000.\0004\000.\0001\000.\0001\000\040\000g\000r\000\137\000o\000n\000\137\000c\000u\000\137\000a\000n\000a\000l\000y\000s\000i\000s\000\050\000\051}{subsection.5.4.1}% 48
\BOOKMARK [1][-]{section.5.5}{\376\377\0005\000.\0005\000\040\004\034\004\076\004\064\004\103\004\073\004\114\000\040\000g\000r\000a\000p\000h\000e\000n\000e\000n\000o\000r\000m}{chapter.5}% 49
\BOOKMARK [2][-]{subsection.5.5.1}{\376\377\0005\000.\0005\000.\0001\000\040\004\044\004\103\004\075\004\072\004\106\004\070\004\070\000/\004\077\004\076\004\064\004\077\004\100\004\076\004\063\004\100\004\060\004\074\004\074\004\113}{section.5.5}% 50
\BOOKMARK [3][-]{subsubsection.5.5.1.1}{\376\377\0005\000.\0005\000.\0001\000.\0001\000\040\000f\000i\000n\000d\000\137\000g\000r\000\137\000n\000e\000a\000r\000e\000s\000t\000\137\000n\000e\000i\000g\000h\000b\000o\000r\000s\000\050\000\051}{subsection.5.5.1}% 51
\BOOKMARK [3][-]{subsubsection.5.5.1.2}{\376\377\0005\000.\0005\000.\0001\000.\0002\000\040\000f\000i\000n\000d\000\137\000n\000o\000r\000m\000\137\000i\000n\000\137\000g\000r\000a\000p\000h\000e\000n\000e\000\050\000\051}{subsection.5.5.1}% 52
\BOOKMARK [3][-]{subsubsection.5.5.1.3}{\376\377\0005\000.\0005\000.\0001\000.\0003\000\040\000u\000p\000d\000a\000t\000e\000\137\000n\000e\000a\000r\000e\000s\000t\000\137\000n\000e\000i\000g\000h\000b\000o\000u\000r\000s\000\137\000i\000n\000\137\000g\000r\000a\000p\000h\000e\000n\000e\000\050\000\051}{subsection.5.5.1}% 53
\BOOKMARK [1][-]{section.5.6}{\376\377\0005\000.\0006\000\040\004\034\004\076\004\064\004\103\004\073\004\114\000\040\000i\000f\000p\000o\000r\000t}{chapter.5}% 54
\BOOKMARK [2][-]{subsection.5.6.1}{\376\377\0005\000.\0006\000.\0001\000\040\004\037\004\076\004\064\004\100\004\076\004\061\004\075\004\076\004\065\000\040\004\076\004\077\004\070\004\101\004\060\004\075\004\070\004\065}{section.5.6}% 55
\BOOKMARK [1][-]{section.5.7}{\376\377\0005\000.\0007\000\040\004\034\004\076\004\064\004\103\004\073\004\114\000\040\000l\000e\000n\000n\000a\000r\000d\000j\000o\000n\000e\000s}{chapter.5}% 56
\BOOKMARK [2][-]{subsection.5.7.1}{\376\377\0005\000.\0007\000.\0001\000\040\004\044\004\103\004\075\004\072\004\106\004\070\004\070\000/\004\077\004\076\004\064\004\077\004\100\004\076\004\063\004\100\004\060\004\074\004\074\004\113}{section.5.7}% 57
\BOOKMARK [3][-]{subsubsection.5.7.1.1}{\376\377\0005\000.\0007\000.\0001\000.\0001\000\040\000l\000j\000\137\000e\000n\000e\000r\000g\000y\000\050\000\051}{subsection.5.7.1}% 58
\BOOKMARK [3][-]{subsubsection.5.7.1.2}{\376\377\0005\000.\0007\000.\0001\000.\0002\000\040\000l\000j\000\137\000f\000o\000r\000c\000e\000s\000\050\000\051}{subsection.5.7.1}% 59
\BOOKMARK [3][-]{subsubsection.5.7.1.3}{\376\377\0005\000.\0007\000.\0001\000.\0003\000\040\000r\000e\000a\000d\000\137\000l\000j\000\137\000p\000a\000r\000a\000m\000e\000t\000e\000r\000s\000\050\000\051}{subsection.5.7.1}% 60
\BOOKMARK [1][-]{section.5.8}{\376\377\0005\000.\0008\000\040\004\034\004\076\004\064\004\103\004\073\004\114\000\040\000l\000e\000n\000n\000a\000r\000d\000j\000o\000n\000e\000s\000\137\0001\000g}{chapter.5}% 61
\BOOKMARK [2][-]{subsection.5.8.1}{\376\377\0005\000.\0008\000.\0001\000\040\004\044\004\103\004\075\004\072\004\106\004\070\004\070\000/\004\077\004\076\004\064\004\077\004\100\004\076\004\063\004\100\004\060\004\074\004\074\004\113}{section.5.8}% 62
\BOOKMARK [3][-]{subsubsection.5.8.1.1}{\376\377\0005\000.\0008\000.\0001\000.\0001\000\040\000l\000j\0001\000g\000\137\000e\000n\000e\000r\000g\000y\000\050\000\051}{subsection.5.8.1}% 63
\BOOKMARK [3][-]{subsubsection.5.8.1.2}{\376\377\0005\000.\0008\000.\0001\000.\0002\000\040\000l\000j\0001\000g\000\137\000f\000o\000r\000c\000e\000s\000\050\000\051}{subsection.5.8.1}% 64
\BOOKMARK [3][-]{subsubsection.5.8.1.3}{\376\377\0005\000.\0008\000.\0001\000.\0003\000\040\000r\000e\000a\000d\000\137\000l\000j\0001\000g\000\137\000p\000a\000r\000a\000m\000e\000t\000e\000r\000s\000\050\000\051}{subsection.5.8.1}% 65
\BOOKMARK [3][-]{subsubsection.5.8.1.4}{\376\377\0005\000.\0008\000.\0001\000.\0004\000\040\000s\000c\000a\000l\000a\000r\000\137\000l\000j\000\137\000f\000o\000r\000c\000e\000\050\000\051}{subsection.5.8.1}% 66
\BOOKMARK [1][-]{section.5.9}{\376\377\0005\000.\0009\000\040\004\034\004\076\004\064\004\103\004\073\004\114\000\040\000l\000e\000n\000n\000a\000r\000d\000j\000o\000n\000e\000s\000c\000o\000s\000i\000n\000e}{chapter.5}% 67
\BOOKMARK [2][-]{subsection.5.9.1}{\376\377\0005\000.\0009\000.\0001\000\040\004\044\004\103\004\075\004\072\004\106\004\070\004\070\000/\004\077\004\076\004\064\004\077\004\100\004\076\004\063\004\100\004\060\004\074\004\074\004\113}{section.5.9}% 68
\BOOKMARK [3][-]{subsubsection.5.9.1.1}{\376\377\0005\000.\0009\000.\0001\000.\0001\000\040\000l\000j\000c\000\137\000e\000n\000e\000r\000g\000y\000\050\000\051}{subsection.5.9.1}% 69
\BOOKMARK [3][-]{subsubsection.5.9.1.2}{\376\377\0005\000.\0009\000.\0001\000.\0002\000\040\000l\000j\000c\000\137\000f\000o\000r\000c\000e\000s\000\137\000f\000o\000r\000\137\000g\000r\000a\000p\000h\000e\000n\000e\000\050\000\051}{subsection.5.9.1}% 70
\BOOKMARK [3][-]{subsubsection.5.9.1.3}{\376\377\0005\000.\0009\000.\0001\000.\0003\000\040\000l\000j\000c\000\137\000f\000o\000r\000c\000e\000s\000\137\000f\000o\000r\000\137\000o\000t\000h\000e\000r\000\137\000a\000t\000o\000m\000s\000\050\000\051}{subsection.5.9.1}% 71
\BOOKMARK [3][-]{subsubsection.5.9.1.4}{\376\377\0005\000.\0009\000.\0001\000.\0004\000\040\000r\000e\000a\000d\000\137\000l\000j\000c\000\137\000p\000a\000r\000a\000m\000e\000t\000e\000r\000s\000\050\000\051}{subsection.5.9.1}% 72
\BOOKMARK [1][-]{section.5.10}{\376\377\0005\000.\0001\0000\000\040\004\034\004\076\004\064\004\103\004\073\004\114\000\040\000m\000d\000\137\000g\000e\000n\000e\000r\000a\000l}{chapter.5}% 73
\BOOKMARK [2][-]{subsection.5.10.1}{\376\377\0005\000.\0001\0000\000.\0001\000\040\004\044\004\103\004\075\004\072\004\106\004\070\004\070\000/\004\077\004\076\004\064\004\077\004\100\004\076\004\063\004\100\004\060\004\074\004\074\004\113}{section.5.10}% 74
\BOOKMARK [3][-]{subsubsection.5.10.1.1}{\376\377\0005\000.\0001\0000\000.\0001\000.\0001\000\040\000c\000a\000l\000c\000u\000l\000a\000t\000e\000\137\000f\000o\000r\000c\000e\000\137\000s\000u\000m\000\050\000\051}{subsection.5.10.1}% 75
\BOOKMARK [3][-]{subsubsection.5.10.1.2}{\376\377\0005\000.\0001\0000\000.\0001\000.\0002\000\040\000c\000a\000l\000c\000u\000l\000a\000t\000e\000\137\000k\000i\000n\000e\000t\000i\000c\000\137\000e\000n\000e\000r\000g\000y\000\050\000\051}{subsection.5.10.1}% 76
\BOOKMARK [3][-]{subsubsection.5.10.1.3}{\376\377\0005\000.\0001\0000\000.\0001\000.\0003\000\040\000c\000a\000l\000c\000u\000l\000a\000t\000e\000\137\000m\000a\000s\000s\000\137\000c\000e\000n\000t\000e\000r\000\050\000\051}{subsection.5.10.1}% 77
\BOOKMARK [3][-]{subsubsection.5.10.1.4}{\376\377\0005\000.\0001\0000\000.\0001\000.\0004\000\040\000c\000a\000l\000c\000u\000l\000a\000t\000e\000\137\000m\000a\000s\000s\000\137\000c\000e\000n\000t\000e\000r\000\137\000v\000e\000l\000o\000s\000i\000t\000y\000\050\000\051}{subsection.5.10.1}% 78
\BOOKMARK [3][-]{subsubsection.5.10.1.5}{\376\377\0005\000.\0001\0000\000.\0001\000.\0005\000\040\000c\000a\000l\000c\000u\000l\000a\000t\000e\000\137\000m\000a\000s\000s\000e\000s\000\137\000s\000u\000m\000\050\000\051}{subsection.5.10.1}% 79
\BOOKMARK [3][-]{subsubsection.5.10.1.6}{\376\377\0005\000.\0001\0000\000.\0001\000.\0006\000\040\000c\000a\000l\000c\000u\000l\000a\000t\000e\000\137\000t\000e\000m\000p\000e\000r\000a\000t\000u\000r\000e\000\050\000\051}{subsection.5.10.1}% 80
\BOOKMARK [3][-]{subsubsection.5.10.1.7}{\376\377\0005\000.\0001\0000\000.\0001\000.\0007\000\040\000c\000h\000a\000n\000g\000e\000\137\000p\000a\000r\000t\000i\000c\000l\000e\000\137\000g\000r\000o\000u\000p\000\137\000n\000\050\000\051}{subsection.5.10.1}% 81
\BOOKMARK [3][-]{subsubsection.5.10.1.8}{\376\377\0005\000.\0001\0000\000.\0001\000.\0008\000\040\000c\000h\000e\000c\000k\000\137\000p\000o\000s\000i\000t\000i\000o\000n\000s\000\050\000\051}{subsection.5.10.1}% 82
\BOOKMARK [3][-]{subsubsection.5.10.1.9}{\376\377\0005\000.\0001\0000\000.\0001\000.\0009\000\040\000c\000h\000e\000c\000k\000\137\000v\000e\000l\000o\000c\000i\000t\000i\000e\000s\000\050\000\051}{subsection.5.10.1}% 83
\BOOKMARK [3][-]{subsubsection.5.10.1.10}{\376\377\0005\000.\0001\0000\000.\0001\000.\0001\0000\000\040\000c\000r\000e\000a\000t\000e\000\137\000p\000a\000r\000t\000i\000c\000l\000e\000\137\000g\000r\000o\000u\000p\000\050\000\051}{subsection.5.10.1}% 84
\BOOKMARK [3][-]{subsubsection.5.10.1.11}{\376\377\0005\000.\0001\0000\000.\0001\000.\0001\0001\000\040\000f\000i\000n\000d\000\137\000d\000i\000s\000t\000a\000n\000c\000e\000\050\000\051}{subsection.5.10.1}% 85
\BOOKMARK [3][-]{subsubsection.5.10.1.12}{\376\377\0005\000.\0001\0000\000.\0001\000.\0001\0002\000\040\000i\000n\000i\000t\000\137\000t\000i\000m\000e\000\137\000s\000t\000e\000p\000s\000\050\000\051}{subsection.5.10.1}% 86
\BOOKMARK [3][-]{subsubsection.5.10.1.13}{\376\377\0005\000.\0001\0000\000.\0001\000.\0001\0003\000\040\000i\000n\000v\000e\000r\000t\000\137\000z\000\137\000v\000e\000l\000o\000c\000i\000t\000i\000e\000s\000\050\000\051}{subsection.5.10.1}% 87
\BOOKMARK [3][-]{subsubsection.5.10.1.14}{\376\377\0005\000.\0001\0000\000.\0001\000.\0001\0004\000\040\000p\000o\000s\000i\000t\000i\000o\000n\000\137\000a\000n\000a\000l\000y\000s\000i\000s\000\050\000\051}{subsection.5.10.1}% 88
\BOOKMARK [3][-]{subsubsection.5.10.1.15}{\376\377\0005\000.\0001\0000\000.\0001\000.\0001\0005\000\040\000r\000a\000n\000d\000o\000m\000\137\000m\000o\000m\000e\000n\000t\000a\000\050\000\051}{subsection.5.10.1}% 89
\BOOKMARK [3][-]{subsubsection.5.10.1.16}{\376\377\0005\000.\0001\0000\000.\0001\000.\0001\0006\000\040\000r\000a\000n\000d\000o\000m\000\137\000v\000e\000l\000o\000c\000i\000t\000i\000e\000s\000\050\000\051}{subsection.5.10.1}% 90
\BOOKMARK [3][-]{subsubsection.5.10.1.17}{\376\377\0005\000.\0001\0000\000.\0001\000.\0001\0007\000\040\000s\000c\000a\000l\000e\000\137\000v\000e\000l\000o\000c\000i\000t\000i\000e\000s\000\050\000\051}{subsection.5.10.1}% 91
\BOOKMARK [3][-]{subsubsection.5.10.1.18}{\376\377\0005\000.\0001\0000\000.\0001\000.\0001\0008\000\040\000s\000e\000t\000\137\000n\000e\000w\000\137\000t\000e\000m\000p\000e\000r\000a\000t\000u\000r\000e\000\050\000\051}{subsection.5.10.1}% 92
\BOOKMARK [3][-]{subsubsection.5.10.1.19}{\376\377\0005\000.\0001\0000\000.\0001\000.\0001\0009\000\040\000z\000e\000r\000o\000\137\000m\000o\000m\000e\000n\000t\000u\000m\000\050\000\051}{subsection.5.10.1}% 93
\BOOKMARK [1][-]{section.5.11}{\376\377\0005\000.\0001\0001\000\040\004\034\004\076\004\064\004\103\004\073\004\114\000\040\000m\000d\000\137\000i\000n\000t\000e\000g\000r\000a\000t\000o\000r\000s}{chapter.5}% 94
\BOOKMARK [2][-]{subsection.5.11.1}{\376\377\0005\000.\0001\0001\000.\0001\000\040\004\044\004\103\004\075\004\072\004\106\004\070\004\070\000/\004\077\004\076\004\064\004\077\004\100\004\076\004\063\004\100\004\060\004\074\004\074\004\113}{section.5.11}% 95
\BOOKMARK [3][-]{subsubsection.5.11.1.1}{\376\377\0005\000.\0001\0001\000.\0001\000.\0001\000\040\000c\000a\000l\000c\000u\000l\000a\000t\000e\000\137\000n\000o\000s\000e\000\137\000h\000o\000o\000v\000e\000r\000\137\000c\000h\000a\000i\000n\000\137\000e\000n\000e\000r\000g\000y\000\050\000\051}{subsection.5.11.1}% 96
\BOOKMARK [3][-]{subsubsection.5.11.1.2}{\376\377\0005\000.\0001\0001\000.\0001\000.\0002\000\040\000c\000r\000e\000a\000t\000e\000\137\000n\000o\000s\000e\000\137\000h\000o\000o\000v\000e\000r\000\137\000c\000h\000a\000i\000n\000\050\000\051}{subsection.5.11.1}% 97
\BOOKMARK [3][-]{subsubsection.5.11.1.3}{\376\377\0005\000.\0001\0001\000.\0001\000.\0003\000\040\000i\000n\000t\000e\000g\000r\000a\000t\000e\000\137\000n\000o\000s\000e\000\137\000h\000o\000o\000v\000e\000r\000\137\000c\000h\000a\000i\000n\000\050\000\051}{subsection.5.11.1}% 98
\BOOKMARK [3][-]{subsubsection.5.11.1.4}{\376\377\0005\000.\0001\0001\000.\0001\000.\0004\000\040\000i\000n\000t\000e\000g\000r\000a\000t\000e\000\137\000v\000e\000r\000l\000e\000t\000\137\000x\000y\000z\000\137\000p\000o\000s\000i\000t\000i\000o\000n\000s\000\050\000\051}{subsection.5.11.1}% 99
\BOOKMARK [3][-]{subsubsection.5.11.1.5}{\376\377\0005\000.\0001\0001\000.\0001\000.\0005\000\040\000i\000n\000t\000e\000g\000r\000a\000t\000e\000\137\000v\000e\000r\000l\000e\000t\000\137\000x\000y\000z\000\137\000v\000e\000l\000o\000c\000i\000t\000i\000e\000s\000\050\000\051}{subsection.5.11.1}% 100
\BOOKMARK [3][-]{subsubsection.5.11.1.6}{\376\377\0005\000.\0001\0001\000.\0001\000.\0006\000\040\000i\000n\000t\000e\000g\000r\000a\000t\000e\000\137\000v\000e\000r\000l\000e\000t\000\137\000z\000\137\000p\000o\000s\000i\000t\000i\000o\000n\000s\000\050\000\051}{subsection.5.11.1}% 101
\BOOKMARK [3][-]{subsubsection.5.11.1.7}{\376\377\0005\000.\0001\0001\000.\0001\000.\0007\000\040\000i\000n\000t\000e\000g\000r\000a\000t\000e\000\137\000v\000e\000r\000l\000e\000t\000\137\000z\000\137\000v\000e\000l\000o\000c\000i\000t\000i\000e\000s\000\050\000\051}{subsection.5.11.1}% 102
\BOOKMARK [3][-]{subsubsection.5.11.1.8}{\376\377\0005\000.\0001\0001\000.\0001\000.\0008\000\040\000m\000o\000l\000e\000c\000u\000l\000a\000r\000\137\000s\000t\000a\000t\000i\000c\000\137\0001\000d\000\137\000v\000e\000l\000o\000c\000i\000t\000i\000e\000s\000\050\000\051}{subsection.5.11.1}% 103
\BOOKMARK [3][-]{subsubsection.5.11.1.9}{\376\377\0005\000.\0001\0001\000.\0001\000.\0009\000\040\000m\000o\000l\000e\000c\000u\000l\000a\000r\000\137\000s\000t\000a\000t\000i\000c\000\137\000x\000y\000z\000\137\000v\000e\000l\000o\000c\000i\000t\000i\000e\000s\000\050\000\051}{subsection.5.11.1}% 104
\BOOKMARK [3][-]{subsubsection.5.11.1.10}{\376\377\0005\000.\0001\0001\000.\0001\000.\0001\0000\000\040\000s\000e\000t\000\137\000n\000o\000s\000e\000\137\000h\000o\000o\000v\000e\000r\000\137\000c\000h\000a\000i\000n\000\050\000\051}{subsection.5.11.1}% 105
\BOOKMARK [3][-]{subsubsection.5.11.1.11}{\376\377\0005\000.\0001\0001\000.\0001\000.\0001\0001\000\040\000z\000e\000r\000o\000\137\000f\000o\000r\000c\000e\000s\000\050\000\051}{subsection.5.11.1}% 106
\BOOKMARK [1][-]{section.5.12}{\376\377\0005\000.\0001\0002\000\040\004\034\004\076\004\064\004\103\004\073\004\114\000\040\000m\000d\000\137\000i\000n\000t\000e\000r\000a\000c\000t\000i\000o\000n\000s}{chapter.5}% 107
\BOOKMARK [2][-]{subsection.5.12.1}{\376\377\0005\000.\0001\0002\000.\0001\000\040\004\044\004\103\004\075\004\072\004\106\004\070\004\070\000/\004\077\004\076\004\064\004\077\004\100\004\076\004\063\004\100\004\060\004\074\004\074\004\113}{section.5.12}% 108
\BOOKMARK [3][-]{subsubsection.5.12.1.1}{\376\377\0005\000.\0001\0002\000.\0001\000.\0001\000\040\000a\000l\000l\000o\000c\000a\000t\000e\000\137\000g\000r\000a\000p\000h\000e\000n\000e\000\137\000n\000o\000r\000m\000\050\000\051}{subsection.5.12.1}% 109
\BOOKMARK [3][-]{subsubsection.5.12.1.2}{\376\377\0005\000.\0001\0002\000.\0001\000.\0002\000\040\000c\000a\000l\000c\000u\000l\000a\000t\000e\000\137\000f\000o\000r\000c\000e\000s\000\050\000\051}{subsection.5.12.1}% 110
\BOOKMARK [3][-]{subsubsection.5.12.1.3}{\376\377\0005\000.\0001\0002\000.\0001\000.\0003\000\040\000c\000a\000l\000c\000u\000l\000a\000t\000e\000\137\000f\000o\000r\000c\000e\000s\000\137\000n\000u\000m\000e\000r\000i\000c\000a\000l\000l\000y\000\050\000\051}{subsection.5.12.1}% 111
\BOOKMARK [3][-]{subsubsection.5.12.1.4}{\376\377\0005\000.\0001\0002\000.\0001\000.\0004\000\040\000c\000a\000l\000c\000u\000l\000a\000t\000e\000\137\000p\000o\000t\000e\000n\000t\000i\000a\000l\000\137\000e\000n\000e\000r\000g\000i\000e\000s\000\050\000\051}{subsection.5.12.1}% 112
\BOOKMARK [3][-]{subsubsection.5.12.1.5}{\376\377\0005\000.\0001\0002\000.\0001\000.\0005\000\040\000c\000a\000l\000c\000u\000l\000a\000t\000e\000\137\000t\000r\000u\000n\000c\000a\000t\000e\000d\000\137\000n\000l\000\050\000\051}{subsection.5.12.1}% 113
\BOOKMARK [3][-]{subsubsection.5.12.1.6}{\376\377\0005\000.\0001\0002\000.\0001\000.\0006\000\040\000c\000r\000e\000a\000t\000e\000\137\000g\000r\000o\000u\000p\000s\000\050\000\051}{subsection.5.12.1}% 114
\BOOKMARK [3][-]{subsubsection.5.12.1.7}{\376\377\0005\000.\0001\0002\000.\0001\000.\0007\000\040\000c\000r\000e\000a\000t\000e\000\137\000i\000n\000t\000e\000r\000a\000c\000t\000i\000o\000n\000s\000\050\000\051}{subsection.5.12.1}% 115
\BOOKMARK [3][-]{subsubsection.5.12.1.8}{\376\377\0005\000.\0001\0002\000.\0001\000.\0008\000\040\000c\000r\000e\000a\000t\000e\000\137\000t\000r\000u\000n\000c\000a\000t\000e\000d\000\137\000n\000l\000\050\000\051}{subsection.5.12.1}% 116
\BOOKMARK [3][-]{subsubsection.5.12.1.9}{\376\377\0005\000.\0001\0002\000.\0001\000.\0009\000\040\000d\000e\000s\000t\000r\000o\000y\000\137\000t\000r\000u\000n\000c\000a\000t\000e\000d\000\137\000n\000l\000\050\000\051}{subsection.5.12.1}% 117
\BOOKMARK [3][-]{subsubsection.5.12.1.10}{\376\377\0005\000.\0001\0002\000.\0001\000.\0001\0000\000\040\000e\000n\000e\000r\000g\000y\000\050\000\051}{subsection.5.12.1}% 118
\BOOKMARK [3][-]{subsubsection.5.12.1.11}{\376\377\0005\000.\0001\0002\000.\0001\000.\0001\0001\000\040\000n\000l\000i\000s\000t\000s\000\137\000l\000o\000a\000d\000\050\000\051}{subsection.5.12.1}% 119
\BOOKMARK [3][-]{subsubsection.5.12.1.12}{\376\377\0005\000.\0001\0002\000.\0001\000.\0001\0002\000\040\000s\000h\000i\000f\000t\000\137\000d\000r\000s\000\050\000\051}{subsection.5.12.1}% 120
\BOOKMARK [3][-]{subsubsection.5.12.1.13}{\376\377\0005\000.\0001\0002\000.\0001\000.\0001\0003\000\040\000s\000h\000i\000f\000t\000\137\000g\000r\000\137\000n\000o\000r\000m\000\050\000\051}{subsection.5.12.1}% 121
\BOOKMARK [3][-]{subsubsection.5.12.1.14}{\376\377\0005\000.\0001\0002\000.\0001\000.\0001\0004\000\040\000u\000p\000d\000a\000t\000e\000\137\000i\000n\000t\000e\000r\000a\000c\000t\000i\000o\000n\000s\000\137\000n\000e\000i\000g\000h\000b\000o\000u\000r\000\137\000l\000i\000s\000t\000s\000\050\000\051}{subsection.5.12.1}% 122
\BOOKMARK [3][-]{subsubsection.5.12.1.15}{\376\377\0005\000.\0001\0002\000.\0001\000.\0001\0005\000\040\000u\000p\000d\000a\000t\000e\000\137\000n\000o\000r\000m\000\137\000i\000n\000\137\000g\000r\000a\000p\000h\000e\000n\000e\000\050\000\051}{subsection.5.12.1}% 123
\BOOKMARK [1][-]{section.5.13}{\376\377\0005\000.\0001\0003\000\040\004\034\004\076\004\064\004\103\004\073\004\114\000\040\000m\000d\000\137\000n\000e\000i\000g\000h\000b\000o\000u\000r\000s}{chapter.5}% 124
\BOOKMARK [2][-]{subsection.5.13.1}{\376\377\0005\000.\0001\0003\000.\0001\000\040\004\037\004\076\004\064\004\100\004\076\004\061\004\075\004\076\004\065\000\040\004\076\004\077\004\070\004\101\004\060\004\075\004\070\004\065}{section.5.13}% 125
\BOOKMARK [2][-]{subsection.5.13.2}{\376\377\0005\000.\0001\0003\000.\0002\000\040\004\044\004\103\004\075\004\072\004\106\004\070\004\070\000/\004\077\004\076\004\064\004\077\004\100\004\076\004\063\004\100\004\060\004\074\004\074\004\113}{section.5.13}% 126
\BOOKMARK [3][-]{subsubsection.5.13.2.1}{\376\377\0005\000.\0001\0003\000.\0002\000.\0001\000\040\000c\000o\000n\000v\000e\000r\000c\000e\000\137\000n\000e\000i\000g\000h\000b\000o\000u\000r\000\137\000l\000i\000s\000t\000\050\000\051}{subsection.5.13.2}% 127
\BOOKMARK [3][-]{subsubsection.5.13.2.2}{\376\377\0005\000.\0001\0003\000.\0002\000.\0002\000\040\000c\000r\000e\000a\000t\000e\000\137\000n\000e\000i\000g\000h\000b\000o\000u\000r\000\137\000l\000i\000s\000t\000\050\000\051}{subsection.5.13.2}% 128
\BOOKMARK [3][-]{subsubsection.5.13.2.3}{\376\377\0005\000.\0001\0003\000.\0002\000.\0003\000\040\000f\000i\000n\000d\000\137\000n\000e\000i\000g\000h\000b\000o\000u\000r\000\137\000d\000i\000s\000t\000a\000n\000c\000e\000s\000\050\000\051}{subsection.5.13.2}% 129
\BOOKMARK [3][-]{subsubsection.5.13.2.4}{\376\377\0005\000.\0001\0003\000.\0002\000.\0004\000\040\000f\000i\000n\000d\000\137\000n\000e\000i\000g\000h\000b\000o\000u\000r\000s\000\050\000\051}{subsection.5.13.2}% 130
\BOOKMARK [3][-]{subsubsection.5.13.2.5}{\376\377\0005\000.\0001\0003\000.\0002\000.\0005\000\040\000u\000p\000d\000a\000t\000e\000\137\000n\000e\000i\000g\000h\000b\000o\000u\000r\000\137\000l\000i\000s\000t\000\050\000\051}{subsection.5.13.2}% 131
\BOOKMARK [1][-]{section.5.14}{\376\377\0005\000.\0001\0004\000\040\004\034\004\076\004\064\004\103\004\073\004\114\000\040\000m\000d\000\137\000r\000e\000a\000d\000\137\000w\000r\000i\000t\000e}{chapter.5}% 132
\BOOKMARK [2][-]{subsection.5.14.1}{\376\377\0005\000.\0001\0004\000.\0001\000\040\004\037\004\076\004\064\004\100\004\076\004\061\004\075\004\076\004\065\000\040\004\076\004\077\004\070\004\101\004\060\004\075\004\070\004\065}{section.5.14}% 133
\BOOKMARK [2][-]{subsection.5.14.2}{\376\377\0005\000.\0001\0004\000.\0002\000\040\004\044\004\103\004\075\004\072\004\106\004\070\004\070\000/\004\077\004\076\004\064\004\077\004\100\004\076\004\063\004\100\004\060\004\074\004\074\004\113}{section.5.14}% 134
\BOOKMARK [3][-]{subsubsection.5.14.2.1}{\376\377\0005\000.\0001\0004\000.\0002\000.\0001\000\040\000r\000e\000a\000d\000\137\000b\000o\000x\000\137\000s\000i\000z\000e\000\050\000\051}{subsection.5.14.2}% 135
\BOOKMARK [3][-]{subsubsection.5.14.2.2}{\376\377\0005\000.\0001\0004\000.\0002\000.\0002\000\040\000r\000e\000a\000d\000\137\000i\000n\000t\000e\000g\000r\000a\000t\000o\000r\000\137\000p\000a\000r\000a\000m\000s\000\050\000\051}{subsection.5.14.2}% 136
\BOOKMARK [3][-]{subsubsection.5.14.2.3}{\376\377\0005\000.\0001\0004\000.\0002\000.\0003\000\040\000r\000e\000a\000d\000\137\000p\000a\000r\000t\000i\000c\000l\000e\000s\000\050\000\051}{subsection.5.14.2}% 137
\BOOKMARK [3][-]{subsubsection.5.14.2.4}{\376\377\0005\000.\0001\0004\000.\0002\000.\0004\000\040\000w\000r\000i\000t\000e\000\137\000p\000a\000r\000t\000i\000c\000l\000e\000\137\000g\000r\000o\000u\000p\000\050\000\051}{subsection.5.14.2}% 138
\BOOKMARK [3][-]{subsubsection.5.14.2.5}{\376\377\0005\000.\0001\0004\000.\0002\000.\0005\000\040\000w\000r\000i\000t\000e\000\137\000p\000a\000r\000t\000i\000c\000l\000e\000\137\000g\000r\000o\000u\000p\000\137\000a\000p\000p\000e\000n\000d\000\050\000\051}{subsection.5.14.2}% 139
\BOOKMARK [1][-]{section.5.15}{\376\377\0005\000.\0001\0005\000\040\004\034\004\076\004\064\004\103\004\073\004\114\000\040\000m\000d\000\137\000s\000i\000m\000u\000l\000a\000t\000i\000o\000n}{chapter.5}% 140
\BOOKMARK [2][-]{subsection.5.15.1}{\376\377\0005\000.\0001\0005\000.\0001\000\040\004\044\004\103\004\075\004\072\004\106\004\070\004\070\000/\004\077\004\076\004\064\004\077\004\100\004\076\004\063\004\100\004\060\004\074\004\074\004\113}{section.5.15}% 141
\BOOKMARK [3][-]{subsubsection.5.15.1.1}{\376\377\0005\000.\0001\0005\000.\0001\000.\0001\000\040\000m\000d\000\050\000\051}{subsection.5.15.1}% 142
\BOOKMARK [1][-]{section.5.16}{\376\377\0005\000.\0001\0006\000\040\004\034\004\076\004\064\004\103\004\073\004\114\000\040\000m\000o\000r\000s\000e\000c\000o\000s\000i\000n\000e}{chapter.5}% 143
\BOOKMARK [2][-]{subsection.5.16.1}{\376\377\0005\000.\0001\0006\000.\0001\000\040\004\044\004\103\004\075\004\072\004\106\004\070\004\070\000/\004\077\004\076\004\064\004\077\004\100\004\076\004\063\004\100\004\060\004\074\004\074\004\113}{section.5.16}% 144
\BOOKMARK [3][-]{subsubsection.5.16.1.1}{\376\377\0005\000.\0001\0006\000.\0001\000.\0001\000\040\000m\000o\000r\000s\000e\000c\000\137\000e\000n\000e\000r\000g\000y\000\050\000\051}{subsection.5.16.1}% 145
\BOOKMARK [3][-]{subsubsection.5.16.1.2}{\376\377\0005\000.\0001\0006\000.\0001\000.\0002\000\040\000m\000o\000r\000s\000e\000c\000\137\000f\000o\000r\000c\000e\000s\000\137\000f\000o\000r\000\137\000g\000r\000a\000p\000h\000e\000n\000e\000\050\000\051}{subsection.5.16.1}% 146
\BOOKMARK [3][-]{subsubsection.5.16.1.3}{\376\377\0005\000.\0001\0006\000.\0001\000.\0003\000\040\000m\000o\000r\000s\000e\000c\000\137\000f\000o\000r\000c\000e\000s\000\137\000f\000o\000r\000\137\000o\000t\000h\000e\000r\000\137\000a\000t\000o\000m\000s\000\050\000\051}{subsection.5.16.1}% 147
\BOOKMARK [3][-]{subsubsection.5.16.1.4}{\376\377\0005\000.\0001\0006\000.\0001\000.\0004\000\040\000r\000e\000a\000d\000\137\000m\000o\000r\000s\000e\000c\000\137\000p\000a\000r\000a\000m\000e\000t\000e\000r\000s\000\050\000\051}{subsection.5.16.1}% 148
\BOOKMARK [1][-]{section.5.17}{\376\377\0005\000.\0001\0007\000\040\004\034\004\076\004\064\004\103\004\073\004\114\000\040\000p\000e\000r\000f\000o\000m\000a\000n\000c\000e\000\137\000s\000e\000t\000t\000i\000n\000g\000s}{chapter.5}% 149
\BOOKMARK [2][-]{subsection.5.17.1}{\376\377\0005\000.\0001\0007\000.\0001\000\040\004\037\004\076\004\064\004\100\004\076\004\061\004\075\004\076\004\065\000\040\004\076\004\077\004\070\004\101\004\060\004\075\004\070\004\065}{section.5.17}% 150
\BOOKMARK [2][-]{subsection.5.17.2}{\376\377\0005\000.\0001\0007\000.\0002\000\040\004\044\004\103\004\075\004\072\004\106\004\070\004\070\000/\004\077\004\076\004\064\004\077\004\100\004\076\004\063\004\100\004\060\004\074\004\074\004\113}{section.5.17}% 151
\BOOKMARK [3][-]{subsubsection.5.17.2.1}{\376\377\0005\000.\0001\0007\000.\0002\000.\0001\000\040\000s\000e\000t\000\137\000o\000p\000e\000n\000m\000p\000\137\000p\000e\000r\000f\000o\000m\000a\000n\000c\000e\000\050\000\051}{subsection.5.17.2}% 152
\BOOKMARK [2][-]{subsection.5.17.3}{\376\377\0005\000.\0001\0007\000.\0003\000\040\004\037\004\065\004\100\004\065\004\074\004\065\004\075\004\075\004\113\004\065}{section.5.17}% 153
\BOOKMARK [3][-]{subsubsection.5.17.3.1}{\376\377\0005\000.\0001\0007\000.\0003\000.\0001\000\040\000o\000m\000p\000\137\000c\000h\000u\000n\000k\000\137\000s\000i\000z\000e}{subsection.5.17.3}% 154
\BOOKMARK [1][-]{section.5.18}{\376\377\0005\000.\0001\0008\000\040\004\034\004\076\004\064\004\103\004\073\004\114\000\040\000r\000e\000b\000o\000s\000o\000l\000i\000d\000c\000a\000r\000b\000o\000n}{chapter.5}% 155
\BOOKMARK [2][-]{subsection.5.18.1}{\376\377\0005\000.\0001\0008\000.\0001\000\040\004\044\004\103\004\075\004\072\004\106\004\070\004\070\000/\004\077\004\076\004\064\004\077\004\100\004\076\004\063\004\100\004\060\004\074\004\074\004\113}{section.5.18}% 156
\BOOKMARK [3][-]{subsubsection.5.18.1.1}{\376\377\0005\000.\0001\0008\000.\0001\000.\0001\000\040\000r\000e\000a\000d\000\137\000r\000e\000b\000o\000s\000c\000\137\000p\000a\000r\000a\000m\000e\000t\000e\000r\000s\000\050\000\051}{subsection.5.18.1}% 157
\BOOKMARK [3][-]{subsubsection.5.18.1.2}{\376\377\0005\000.\0001\0008\000.\0001\000.\0002\000\040\000r\000e\000b\000o\000s\000c\000\137\000e\000n\000e\000r\000g\000y\000\050\000\051}{subsection.5.18.1}% 158
\BOOKMARK [1][-]{section.5.19}{\376\377\0005\000.\0001\0009\000\040\004\034\004\076\004\064\004\103\004\073\004\114\000\040\000r\000o\000s\000a\000t\000o\000g\000u\000i\000l\000l\000o\000p\000e\000l\000e\000g\000r\000a\000n\000d}{chapter.5}% 159
\BOOKMARK [2][-]{subsection.5.19.1}{\376\377\0005\000.\0001\0009\000.\0001\000\040\004\044\004\103\004\075\004\072\004\106\004\070\004\070\000/\004\077\004\076\004\064\004\077\004\100\004\076\004\063\004\100\004\060\004\074\004\074\004\113}{section.5.19}% 160
\BOOKMARK [3][-]{subsubsection.5.19.1.1}{\376\377\0005\000.\0001\0009\000.\0001\000.\0001\000\040\000r\000e\000a\000d\000\137\000r\000j\000l\000\137\000p\000a\000r\000a\000m\000e\000t\000e\000r\000s\000\050\000\051}{subsection.5.19.1}% 161
\BOOKMARK [3][-]{subsubsection.5.19.1.2}{\376\377\0005\000.\0001\0009\000.\0001\000.\0002\000\040\000r\000j\000l\000\137\000e\000n\000e\000r\000g\000y\000\050\000\051}{subsection.5.19.1}% 162
\BOOKMARK [3][-]{subsubsection.5.19.1.3}{\376\377\0005\000.\0001\0009\000.\0001\000.\0003\000\040\000r\000j\000l\000\137\000f\000o\000r\000c\000e\000s\000\050\000\051}{subsection.5.19.1}% 163
\BOOKMARK [1][-]{section.5.20}{\376\377\0005\000.\0002\0000\000\040\004\034\004\076\004\064\004\103\004\073\004\114\000\040\000t\000e\000r\000s\000o\000f\000f\000b\000r\000e\000n\000n\000e\000r}{chapter.5}% 164
\BOOKMARK [2][-]{subsection.5.20.1}{\376\377\0005\000.\0002\0000\000.\0001\000\040\004\044\004\103\004\075\004\072\004\106\004\070\004\070\000/\004\077\004\076\004\064\004\077\004\100\004\076\004\063\004\100\004\060\004\074\004\074\004\113}{section.5.20}% 165
\BOOKMARK [3][-]{subsubsection.5.20.1.1}{\376\377\0005\000.\0002\0000\000.\0001\000.\0001\000\040\000r\000e\000a\000d\000\137\000t\000b\000\137\000p\000a\000r\000a\000m\000e\000t\000e\000r\000s\000\050\000\051}{subsection.5.20.1}% 166
\BOOKMARK [3][-]{subsubsection.5.20.1.2}{\376\377\0005\000.\0002\0000\000.\0001\000.\0002\000\040\000t\000b\000\137\000e\000n\000e\000r\000g\000y\000\050\000\051}{subsection.5.20.1}% 167
\BOOKMARK [3][-]{subsubsection.5.20.1.3}{\376\377\0005\000.\0002\0000\000.\0001\000.\0003\000\040\000t\000b\000\137\000f\000o\000r\000c\000e\000s\000\050\000\051}{subsection.5.20.1}% 168
\BOOKMARK [0][-]{chapter.6}{\376\377\0006\000\040\004\036\004\063\004\073\004\060\004\062\004\073\004\065\004\075\004\070\004\065\000\040\004\102\004\070\004\077\004\076\004\062\000\040\004\064\004\060\004\075\004\075\004\113\004\105}{}% 169
\BOOKMARK [1][-]{section.6.1}{\376\377\0006\000.\0001\000\040\000m\000d\000\137\000g\000e\000n\000e\000r\000a\000l\000:\000:\000i\000n\000t\000e\000g\000r\000a\000t\000o\000r\000\137\000p\000a\000r\000a\000m\000s\000\040\004\050\004\060\004\061\004\073\004\076\004\075\000\040\004\102\004\070\004\077\004\060}{chapter.6}% 170
\BOOKMARK [2][-]{subsection.6.1.1}{\376\377\0006\000.\0001\000.\0001\000\040\004\037\004\076\004\064\004\100\004\076\004\061\004\075\004\076\004\065\000\040\004\076\004\077\004\070\004\101\004\060\004\075\004\070\004\065}{section.6.1}% 171
\BOOKMARK [2][-]{subsection.6.1.2}{\376\377\0006\000.\0001\000.\0002\000\040\004\024\004\060\004\075\004\075\004\113\004\065\000\040\004\072\004\073\004\060\004\101\004\101\004\060}{section.6.1}% 172
\BOOKMARK [3][-]{subsubsection.6.1.2.1}{\376\377\0006\000.\0001\000.\0002\000.\0001\000\040\000d\000t}{subsection.6.1.2}% 173
\BOOKMARK [3][-]{subsubsection.6.1.2.2}{\376\377\0006\000.\0001\000.\0002\000.\0002\000\040\000i\000n\000t\000\137\000n\000a\000m\000e}{subsection.6.1.2}% 174
\BOOKMARK [3][-]{subsubsection.6.1.2.3}{\376\377\0006\000.\0001\000.\0002\000.\0003\000\040\000l}{subsection.6.1.2}% 175
\BOOKMARK [3][-]{subsubsection.6.1.2.4}{\376\377\0006\000.\0001\000.\0002\000.\0004\000\040\000p\000e\000r\000i\000o\000d\000\137\000l\000o\000g}{subsection.6.1.2}% 176
\BOOKMARK [3][-]{subsubsection.6.1.2.5}{\376\377\0006\000.\0001\000.\0002\000.\0005\000\040\000p\000e\000r\000i\000o\000d\000\137\000s\000n\000a\000p\000s\000h\000o\000t}{subsection.6.1.2}% 177
\BOOKMARK [1][-]{section.6.2}{\376\377\0006\000.\0002\000\040\000m\000d\000\137\000i\000n\000t\000e\000r\000a\000c\000t\000i\000o\000n\000s\000:\000:\000i\000n\000t\000e\000r\000a\000c\000t\000i\000o\000n\000\040\004\050\004\060\004\061\004\073\004\076\004\075\000\040\004\102\004\070\004\077\004\060}{chapter.6}% 178
\BOOKMARK [2][-]{subsection.6.2.1}{\376\377\0006\000.\0002\000.\0001\000\040\004\037\004\076\004\064\004\100\004\076\004\061\004\075\004\076\004\065\000\040\004\076\004\077\004\070\004\101\004\060\004\075\004\070\004\065}{section.6.2}% 179
\BOOKMARK [2][-]{subsection.6.2.2}{\376\377\0006\000.\0002\000.\0002\000\040\004\024\004\060\004\075\004\075\004\113\004\065\000\040\004\072\004\073\004\060\004\101\004\101\004\060}{section.6.2}% 180
\BOOKMARK [3][-]{subsubsection.6.2.2.1}{\376\377\0006\000.\0002\000.\0002\000.\0001\000\040\000e\000n\000e\000r\000g\000y}{subsection.6.2.2}% 181
\BOOKMARK [3][-]{subsubsection.6.2.2.2}{\376\377\0006\000.\0002\000.\0002\000.\0002\000\040\000g\000r\000o\000u\000p\000\137\000n\000u\000m\000s}{subsection.6.2.2}% 182
\BOOKMARK [3][-]{subsubsection.6.2.2.3}{\376\377\0006\000.\0002\000.\0002\000.\0003\000\040\000i\000n\000t\000e\000r\000a\000c\000t\000i\000o\000n\000\137\000n\000a\000m\000e}{subsection.6.2.2}% 183
\BOOKMARK [3][-]{subsubsection.6.2.2.4}{\376\377\0006\000.\0002\000.\0002\000.\0004\000\040\000n\000e\000i\000b\000\137\000o\000r\000d\000e\000r}{subsection.6.2.2}% 184
\BOOKMARK [3][-]{subsubsection.6.2.2.5}{\376\377\0006\000.\0002\000.\0002\000.\0005\000\040\000n\000l}{subsection.6.2.2}% 185
\BOOKMARK [3][-]{subsubsection.6.2.2.6}{\376\377\0006\000.\0002\000.\0002\000.\0006\000\040\000n\000l\000\137\000n}{subsection.6.2.2}% 186
\BOOKMARK [3][-]{subsubsection.6.2.2.7}{\376\377\0006\000.\0002\000.\0002\000.\0007\000\040\000n\000u\000m\000e\000r\000i\000c\000a\000l\000\137\000f\000o\000r\000c\000e}{subsection.6.2.2}% 187
\BOOKMARK [3][-]{subsubsection.6.2.2.8}{\376\377\0006\000.\0002\000.\0002\000.\0008\000\040\000p\000a\000r\000a\000m\000e\000t\000e\000r\000s}{subsection.6.2.2}% 188
\BOOKMARK [3][-]{subsubsection.6.2.2.9}{\376\377\0006\000.\0002\000.\0002\000.\0009\000\040\000p\000a\000r\000a\000m\000e\000t\000e\000r\000s\000\137\000f\000i\000l\000e}{subsection.6.2.2}% 189
\BOOKMARK [1][-]{section.6.3}{\376\377\0006\000.\0003\000\040\000m\000d\000\137\000i\000n\000t\000e\000r\000a\000c\000t\000i\000o\000n\000s\000:\000:\000i\000n\000t\000e\000r\000a\000c\000t\000i\000o\000n\000\137\000p\000a\000r\000a\000m\000e\000t\000e\000r\000s\000\040\004\050\004\060\004\061\004\073\004\076\004\075\000\040\004\102\004\070\004\077\004\060}{chapter.6}% 190
\BOOKMARK [2][-]{subsection.6.3.1}{\376\377\0006\000.\0003\000.\0001\000\040\004\037\004\076\004\064\004\100\004\076\004\061\004\075\004\076\004\065\000\040\004\076\004\077\004\070\004\101\004\060\004\075\004\070\004\065}{section.6.3}% 191
\BOOKMARK [2][-]{subsection.6.3.2}{\376\377\0006\000.\0003\000.\0002\000\040\004\024\004\060\004\075\004\075\004\113\004\065\000\040\004\072\004\073\004\060\004\101\004\101\004\060}{section.6.3}% 192
\BOOKMARK [3][-]{subsubsection.6.3.2.1}{\376\377\0006\000.\0003\000.\0002\000.\0001\000\040\000l\000j}{subsection.6.3.2}% 193
\BOOKMARK [3][-]{subsubsection.6.3.2.2}{\376\377\0006\000.\0003\000.\0002\000.\0002\000\040\000l\000j\0001\000g}{subsection.6.3.2}% 194
\BOOKMARK [3][-]{subsubsection.6.3.2.3}{\376\377\0006\000.\0003\000.\0002\000.\0003\000\040\000l\000j\000c}{subsection.6.3.2}% 195
\BOOKMARK [3][-]{subsubsection.6.3.2.4}{\376\377\0006\000.\0003\000.\0002\000.\0004\000\040\000m\000o\000r\000s\000e\000c}{subsection.6.3.2}% 196
\BOOKMARK [3][-]{subsubsection.6.3.2.5}{\376\377\0006\000.\0003\000.\0002\000.\0005\000\040\000r\000e\000b\000o\000s\000c}{subsection.6.3.2}% 197
\BOOKMARK [3][-]{subsubsection.6.3.2.6}{\376\377\0006\000.\0003\000.\0002\000.\0006\000\040\000r\000j\000l}{subsection.6.3.2}% 198
\BOOKMARK [3][-]{subsubsection.6.3.2.7}{\376\377\0006\000.\0003\000.\0002\000.\0007\000\040\000t\000b}{subsection.6.3.2}% 199
\BOOKMARK [1][-]{section.6.4}{\376\377\0006\000.\0004\000\040\000l\000e\000n\000n\000a\000r\000d\000j\000o\000n\000e\000s\000\137\0001\000g\000:\000:\000l\000e\000n\000n\000a\000r\000d\000j\000o\000n\000e\000s\0001\000g\000\137\000p\000a\000r\000a\000m\000e\000t\000e\000r\000s\000\040\004\050\004\060\004\061\004\073\004\076\004\075\000\040\004\102\004\070\004\077\004\060}{chapter.6}% 200
\BOOKMARK [2][-]{subsection.6.4.1}{\376\377\0006\000.\0004\000.\0001\000\040\004\037\004\076\004\064\004\100\004\076\004\061\004\075\004\076\004\065\000\040\004\076\004\077\004\070\004\101\004\060\004\075\004\070\004\065}{section.6.4}% 201
\BOOKMARK [2][-]{subsection.6.4.2}{\376\377\0006\000.\0004\000.\0002\000\040\004\024\004\060\004\075\004\075\004\113\004\065\000\040\004\072\004\073\004\060\004\101\004\101\004\060}{section.6.4}% 202
\BOOKMARK [3][-]{subsubsection.6.4.2.1}{\376\377\0006\000.\0004\000.\0002\000.\0001\000\040\000c\0001\0002}{subsection.6.4.2}% 203
\BOOKMARK [3][-]{subsubsection.6.4.2.2}{\376\377\0006\000.\0004\000.\0002\000.\0002\000\040\000c\0001\0002\000t\0001\0002}{subsection.6.4.2}% 204
\BOOKMARK [3][-]{subsubsection.6.4.2.3}{\376\377\0006\000.\0004\000.\0002\000.\0003\000\040\000c\0006}{subsection.6.4.2}% 205
\BOOKMARK [3][-]{subsubsection.6.4.2.4}{\376\377\0006\000.\0004\000.\0002\000.\0004\000\040\000c\0006\000t\0006}{subsection.6.4.2}% 206
\BOOKMARK [3][-]{subsubsection.6.4.2.5}{\376\377\0006\000.\0004\000.\0002\000.\0005\000\040\000e\000p\000s}{subsection.6.4.2}% 207
\BOOKMARK [3][-]{subsubsection.6.4.2.6}{\376\377\0006\000.\0004\000.\0002\000.\0006\000\040\000r\0001}{subsection.6.4.2}% 208
\BOOKMARK [3][-]{subsubsection.6.4.2.7}{\376\377\0006\000.\0004\000.\0002\000.\0007\000\040\000r\0002}{subsection.6.4.2}% 209
\BOOKMARK [3][-]{subsubsection.6.4.2.8}{\376\377\0006\000.\0004\000.\0002\000.\0008\000\040\000s\000i\000g}{subsection.6.4.2}% 210
\BOOKMARK [1][-]{section.6.5}{\376\377\0006\000.\0005\000\040\000l\000e\000n\000n\000a\000r\000d\000j\000o\000n\000e\000s\000:\000:\000l\000e\000n\000n\000a\000r\000d\000j\000o\000n\000e\000s\000\137\000p\000a\000r\000a\000m\000e\000t\000e\000r\000s\000\040\004\050\004\060\004\061\004\073\004\076\004\075\000\040\004\102\004\070\004\077\004\060}{chapter.6}% 211
\BOOKMARK [2][-]{subsection.6.5.1}{\376\377\0006\000.\0005\000.\0001\000\040\004\037\004\076\004\064\004\100\004\076\004\061\004\075\004\076\004\065\000\040\004\076\004\077\004\070\004\101\004\060\004\075\004\070\004\065}{section.6.5}% 212
\BOOKMARK [2][-]{subsection.6.5.2}{\376\377\0006\000.\0005\000.\0002\000\040\004\024\004\060\004\075\004\075\004\113\004\065\000\040\004\072\004\073\004\060\004\101\004\101\004\060}{section.6.5}% 213
\BOOKMARK [3][-]{subsubsection.6.5.2.1}{\376\377\0006\000.\0005\000.\0002\000.\0001\000\040\000e\000p\000s}{subsection.6.5.2}% 214
\BOOKMARK [3][-]{subsubsection.6.5.2.2}{\376\377\0006\000.\0005\000.\0002\000.\0002\000\040\000r\0001}{subsection.6.5.2}% 215
\BOOKMARK [3][-]{subsubsection.6.5.2.3}{\376\377\0006\000.\0005\000.\0002\000.\0003\000\040\000r\0002}{subsection.6.5.2}% 216
\BOOKMARK [3][-]{subsubsection.6.5.2.4}{\376\377\0006\000.\0005\000.\0002\000.\0004\000\040\000s\000i\000g}{subsection.6.5.2}% 217
\BOOKMARK [1][-]{section.6.6}{\376\377\0006\000.\0006\000\040\000l\000e\000n\000n\000a\000r\000d\000j\000o\000n\000e\000s\000c\000o\000s\000i\000n\000e\000:\000:\000l\000e\000n\000n\000a\000r\000d\000j\000o\000n\000e\000s\000c\000o\000s\000i\000n\000e\000\137\000p\000a\000r\000a\000m\000e\000t\000e\000r\000s\000\040\004\050\004\060\004\061\004\073\004\076\004\075\000\040\004\102\004\070\004\077\004\060}{chapter.6}% 218
\BOOKMARK [2][-]{subsection.6.6.1}{\376\377\0006\000.\0006\000.\0001\000\040\004\037\004\076\004\064\004\100\004\076\004\061\004\075\004\076\004\065\000\040\004\076\004\077\004\070\004\101\004\060\004\075\004\070\004\065}{section.6.6}% 219
\BOOKMARK [2][-]{subsection.6.6.2}{\376\377\0006\000.\0006\000.\0002\000\040\004\024\004\060\004\075\004\075\004\113\004\065\000\040\004\072\004\073\004\060\004\101\004\101\004\060}{section.6.6}% 220
\BOOKMARK [3][-]{subsubsection.6.6.2.1}{\376\377\0006\000.\0006\000.\0002\000.\0001\000\040\000d\000e\000l\000t}{subsection.6.6.2}% 221
\BOOKMARK [3][-]{subsubsection.6.6.2.2}{\376\377\0006\000.\0006\000.\0002\000.\0002\000\040\000e\000p\000s}{subsection.6.6.2}% 222
\BOOKMARK [3][-]{subsubsection.6.6.2.3}{\376\377\0006\000.\0006\000.\0002\000.\0003\000\040\000g\000r\000\137\000n\000o\000r\000m}{subsection.6.6.2}% 223
\BOOKMARK [3][-]{subsubsection.6.6.2.4}{\376\377\0006\000.\0006\000.\0002\000.\0004\000\040\000r\0001}{subsection.6.6.2}% 224
\BOOKMARK [3][-]{subsubsection.6.6.2.5}{\376\377\0006\000.\0006\000.\0002\000.\0005\000\040\000r\0002}{subsection.6.6.2}% 225
\BOOKMARK [3][-]{subsubsection.6.6.2.6}{\376\377\0006\000.\0006\000.\0002\000.\0006\000\040\000s\000i\000g}{subsection.6.6.2}% 226
\BOOKMARK [3][-]{subsubsection.6.6.2.7}{\376\377\0006\000.\0006\000.\0002\000.\0007\000\040\000s\000i\000m\000p\000l\000i\000f\000i\000e\000d}{subsection.6.6.2}% 227
\BOOKMARK [1][-]{section.6.7}{\376\377\0006\000.\0007\000\040\000m\000o\000r\000s\000e\000c\000o\000s\000i\000n\000e\000:\000:\000m\000o\000r\000s\000e\000c\000o\000s\000i\000n\000e\000\137\000p\000a\000r\000a\000m\000e\000t\000e\000r\000s\000\040\004\050\004\060\004\061\004\073\004\076\004\075\000\040\004\102\004\070\004\077\004\060}{chapter.6}% 228
\BOOKMARK [2][-]{subsection.6.7.1}{\376\377\0006\000.\0007\000.\0001\000\040\004\037\004\076\004\064\004\100\004\076\004\061\004\075\004\076\004\065\000\040\004\076\004\077\004\070\004\101\004\060\004\075\004\070\004\065}{section.6.7}% 229
\BOOKMARK [2][-]{subsection.6.7.2}{\376\377\0006\000.\0007\000.\0002\000\040\004\024\004\060\004\075\004\075\004\113\004\065\000\040\004\072\004\073\004\060\004\101\004\101\004\060}{section.6.7}% 230
\BOOKMARK [3][-]{subsubsection.6.7.2.1}{\376\377\0006\000.\0007\000.\0002\000.\0001\000\040\000a}{subsection.6.7.2}% 231
\BOOKMARK [3][-]{subsubsection.6.7.2.2}{\376\377\0006\000.\0007\000.\0002\000.\0002\000\040\000d}{subsection.6.7.2}% 232
\BOOKMARK [3][-]{subsubsection.6.7.2.3}{\376\377\0006\000.\0007\000.\0002\000.\0003\000\040\000d\000e\000l\000t}{subsection.6.7.2}% 233
\BOOKMARK [3][-]{subsubsection.6.7.2.4}{\376\377\0006\000.\0007\000.\0002\000.\0004\000\040\000g\000r\000\137\000n\000o\000r\000m}{subsection.6.7.2}% 234
\BOOKMARK [3][-]{subsubsection.6.7.2.5}{\376\377\0006\000.\0007\000.\0002\000.\0005\000\040\000r}{subsection.6.7.2}% 235
\BOOKMARK [3][-]{subsubsection.6.7.2.6}{\376\377\0006\000.\0007\000.\0002\000.\0006\000\040\000r\0001}{subsection.6.7.2}% 236
\BOOKMARK [3][-]{subsubsection.6.7.2.7}{\376\377\0006\000.\0007\000.\0002\000.\0007\000\040\000r\0002}{subsection.6.7.2}% 237
\BOOKMARK [3][-]{subsubsection.6.7.2.8}{\376\377\0006\000.\0007\000.\0002\000.\0008\000\040\000s\000i\000m\000p\000l\000i\000f\000i\000e\000d}{subsection.6.7.2}% 238
\BOOKMARK [1][-]{section.6.8}{\376\377\0006\000.\0008\000\040\000m\000d\000\137\000g\000e\000n\000e\000r\000a\000l\000:\000:\000n\000e\000i\000g\000h\000b\000o\000u\000r\000\137\000l\000i\000s\000t\000\040\004\050\004\060\004\061\004\073\004\076\004\075\000\040\004\102\004\070\004\077\004\060}{chapter.6}% 239
\BOOKMARK [2][-]{subsection.6.8.1}{\376\377\0006\000.\0008\000.\0001\000\040\004\037\004\076\004\064\004\100\004\076\004\061\004\075\004\076\004\065\000\040\004\076\004\077\004\070\004\101\004\060\004\075\004\070\004\065}{section.6.8}% 240
\BOOKMARK [2][-]{subsection.6.8.2}{\376\377\0006\000.\0008\000.\0002\000\040\004\024\004\060\004\075\004\075\004\113\004\065\000\040\004\072\004\073\004\060\004\101\004\101\004\060}{section.6.8}% 241
\BOOKMARK [3][-]{subsubsection.6.8.2.1}{\376\377\0006\000.\0008\000.\0002\000.\0001\000\040\000d\000r}{subsection.6.8.2}% 242
\BOOKMARK [3][-]{subsubsection.6.8.2.2}{\376\377\0006\000.\0008\000.\0002\000.\0002\000\040\000l\000e\000s\000s\000n\000n\000u\000m}{subsection.6.8.2}% 243
\BOOKMARK [3][-]{subsubsection.6.8.2.3}{\376\377\0006\000.\0008\000.\0002\000.\0003\000\040\000m\000o\000d\000d\000r}{subsection.6.8.2}% 244
\BOOKMARK [3][-]{subsubsection.6.8.2.4}{\376\377\0006\000.\0008\000.\0002\000.\0004\000\040\000n}{subsection.6.8.2}% 245
\BOOKMARK [3][-]{subsubsection.6.8.2.5}{\376\377\0006\000.\0008\000.\0002\000.\0005\000\040\000n\000e\000i\000g\000h\000b\000\137\000n\000u\000m\000\137\000m\000a\000x}{subsection.6.8.2}% 246
\BOOKMARK [3][-]{subsubsection.6.8.2.6}{\376\377\0006\000.\0008\000.\0002\000.\0006\000\040\000n\000l\000i\000s\000t}{subsection.6.8.2}% 247
\BOOKMARK [3][-]{subsubsection.6.8.2.7}{\376\377\0006\000.\0008\000.\0002\000.\0007\000\040\000n\000n\000u\000m}{subsection.6.8.2}% 248
\BOOKMARK [3][-]{subsubsection.6.8.2.8}{\376\377\0006\000.\0008\000.\0002\000.\0008\000\040\000p\000a\000r\000t\000i\000c\000l\000e\000\137\000i\000n\000d\000e\000x}{subsection.6.8.2}% 249
\BOOKMARK [3][-]{subsubsection.6.8.2.9}{\376\377\0006\000.\0008\000.\0002\000.\0009\000\040\000r\000\137\000c\000u\000t}{subsection.6.8.2}% 250
\BOOKMARK [3][-]{subsubsection.6.8.2.10}{\376\377\0006\000.\0008\000.\0002\000.\0001\0000\000\040\000u\000p\000d\000a\000t\000e\000\137\000p\000e\000r\000i\000o\000d}{subsection.6.8.2}% 251
\BOOKMARK [1][-]{section.6.9}{\376\377\0006\000.\0009\000\040\000m\000d\000\137\000g\000e\000n\000e\000r\000a\000l\000:\000:\000n\000o\000s\000e\000\137\000h\000o\000o\000v\000e\000r\000\137\000c\000h\000a\000i\000n\000\040\004\050\004\060\004\061\004\073\004\076\004\075\000\040\004\102\004\070\004\077\004\060}{chapter.6}% 252
\BOOKMARK [2][-]{subsection.6.9.1}{\376\377\0006\000.\0009\000.\0001\000\040\004\037\004\076\004\064\004\100\004\076\004\061\004\075\004\076\004\065\000\040\004\076\004\077\004\070\004\101\004\060\004\075\004\070\004\065}{section.6.9}% 253
\BOOKMARK [2][-]{subsection.6.9.2}{\376\377\0006\000.\0009\000.\0002\000\040\004\024\004\060\004\075\004\075\004\113\004\065\000\040\004\072\004\073\004\060\004\101\004\101\004\060}{section.6.9}% 254
\BOOKMARK [3][-]{subsubsection.6.9.2.1}{\376\377\0006\000.\0009\000.\0002\000.\0001\000\040\000e}{subsection.6.9.2}% 255
\BOOKMARK [3][-]{subsubsection.6.9.2.2}{\376\377\0006\000.\0009\000.\0002\000.\0002\000\040\000l}{subsection.6.9.2}% 256
\BOOKMARK [3][-]{subsubsection.6.9.2.3}{\376\377\0006\000.\0009\000.\0002\000.\0003\000\040\000m}{subsection.6.9.2}% 257
\BOOKMARK [3][-]{subsubsection.6.9.2.4}{\376\377\0006\000.\0009\000.\0002\000.\0004\000\040\000q}{subsection.6.9.2}% 258
\BOOKMARK [3][-]{subsubsection.6.9.2.5}{\376\377\0006\000.\0009\000.\0002\000.\0005\000\040\000s}{subsection.6.9.2}% 259
\BOOKMARK [3][-]{subsubsection.6.9.2.6}{\376\377\0006\000.\0009\000.\0002\000.\0006\000\040\000t\000e\000m\000p\000e\000r\000a\000t\000u\000r\000e}{subsection.6.9.2}% 260
\BOOKMARK [3][-]{subsubsection.6.9.2.7}{\376\377\0006\000.\0009\000.\0002\000.\0007\000\040\000v}{subsection.6.9.2}% 261
\BOOKMARK [3][-]{subsubsection.6.9.2.8}{\376\377\0006\000.\0009\000.\0002\000.\0008\000\040\000x}{subsection.6.9.2}% 262
\BOOKMARK [1][-]{section.6.10}{\376\377\0006\000.\0001\0000\000\040\000m\000d\000\137\000g\000e\000n\000e\000r\000a\000l\000:\000:\000p\000a\000r\000t\000i\000c\000l\000e\000\137\000g\000r\000o\000u\000p\000\040\004\050\004\060\004\061\004\073\004\076\004\075\000\040\004\102\004\070\004\077\004\060}{chapter.6}% 263
\BOOKMARK [2][-]{subsection.6.10.1}{\376\377\0006\000.\0001\0000\000.\0001\000\040\004\037\004\076\004\064\004\100\004\076\004\061\004\075\004\076\004\065\000\040\004\076\004\077\004\070\004\101\004\060\004\075\004\070\004\065}{section.6.10}% 264
\BOOKMARK [2][-]{subsection.6.10.2}{\376\377\0006\000.\0001\0000\000.\0002\000\040\004\024\004\060\004\075\004\075\004\113\004\065\000\040\004\072\004\073\004\060\004\101\004\101\004\060}{section.6.10}% 265
\BOOKMARK [3][-]{subsubsection.6.10.2.1}{\376\377\0006\000.\0001\0000\000.\0002\000.\0001\000\040\000i\000n\000d\000e\000x\000e\000s}{subsection.6.10.2}% 266
\BOOKMARK [3][-]{subsubsection.6.10.2.2}{\376\377\0006\000.\0001\0000\000.\0002\000.\0002\000\040\000n}{subsection.6.10.2}% 267
\BOOKMARK [1][-]{section.6.11}{\376\377\0006\000.\0001\0001\000\040\000m\000d\000\137\000g\000e\000n\000e\000r\000a\000l\000:\000:\000p\000a\000r\000t\000i\000c\000l\000e\000s\000\040\004\050\004\060\004\061\004\073\004\076\004\075\000\040\004\102\004\070\004\077\004\060}{chapter.6}% 268
\BOOKMARK [2][-]{subsection.6.11.1}{\376\377\0006\000.\0001\0001\000.\0001\000\040\004\037\004\076\004\064\004\100\004\076\004\061\004\075\004\076\004\065\000\040\004\076\004\077\004\070\004\101\004\060\004\075\004\070\004\065}{section.6.11}% 269
\BOOKMARK [2][-]{subsection.6.11.2}{\376\377\0006\000.\0001\0001\000.\0002\000\040\004\024\004\060\004\075\004\075\004\113\004\065\000\040\004\072\004\073\004\060\004\101\004\101\004\060}{section.6.11}% 270
\BOOKMARK [3][-]{subsubsection.6.11.2.1}{\376\377\0006\000.\0001\0001\000.\0002\000.\0001\000\040\000a\000t\000o\000m\000\137\000t\000y\000p\000e\000s}{subsection.6.11.2}% 271
\BOOKMARK [3][-]{subsubsection.6.11.2.2}{\376\377\0006\000.\0001\0001\000.\0002\000.\0002\000\040\000f\000o\000r\000c\000e\000s}{subsection.6.11.2}% 272
\BOOKMARK [3][-]{subsubsection.6.11.2.3}{\376\377\0006\000.\0001\0001\000.\0002\000.\0003\000\040\000m\000a\000s\000s\000e\000s}{subsection.6.11.2}% 273
\BOOKMARK [3][-]{subsubsection.6.11.2.4}{\376\377\0006\000.\0001\0001\000.\0002\000.\0004\000\040\000n}{subsection.6.11.2}% 274
\BOOKMARK [3][-]{subsubsection.6.11.2.5}{\376\377\0006\000.\0001\0001\000.\0002\000.\0005\000\040\000p\000o\000s\000i\000t\000i\000o\000n\000s}{subsection.6.11.2}% 275
\BOOKMARK [3][-]{subsubsection.6.11.2.6}{\376\377\0006\000.\0001\0001\000.\0002\000.\0006\000\040\000v\000e\000l\000o\000c\000i\000t\000i\000e\000s}{subsection.6.11.2}% 276
\BOOKMARK [1][-]{section.6.12}{\376\377\0006\000.\0001\0002\000\040\000r\000e\000b\000o\000s\000o\000l\000i\000d\000c\000a\000r\000b\000o\000n\000:\000:\000r\000e\000b\000o\000s\000c\000\137\000p\000a\000r\000a\000m\000e\000t\000e\000r\000s\000\040\004\050\004\060\004\061\004\073\004\076\004\075\000\040\004\102\004\070\004\077\004\060}{chapter.6}% 277
\BOOKMARK [2][-]{subsection.6.12.1}{\376\377\0006\000.\0001\0002\000.\0001\000\040\004\037\004\076\004\064\004\100\004\076\004\061\004\075\004\076\004\065\000\040\004\076\004\077\004\070\004\101\004\060\004\075\004\070\004\065}{section.6.12}% 278
\BOOKMARK [2][-]{subsection.6.12.2}{\376\377\0006\000.\0001\0002\000.\0002\000\040\004\024\004\060\004\075\004\075\004\113\004\065\000\040\004\072\004\073\004\060\004\101\004\101\004\060}{section.6.12}% 279
\BOOKMARK [3][-]{subsubsection.6.12.2.1}{\376\377\0006\000.\0001\0002\000.\0002\000.\0001\000\040\000a}{subsection.6.12.2}% 280
\BOOKMARK [3][-]{subsubsection.6.12.2.2}{\376\377\0006\000.\0001\0002\000.\0002\000.\0002\000\040\000a\000l\000p\000h\000a}{subsection.6.12.2}% 281
\BOOKMARK [3][-]{subsubsection.6.12.2.3}{\376\377\0006\000.\0001\0002\000.\0002\000.\0003\000\040\000b}{subsection.6.12.2}% 282
\BOOKMARK [3][-]{subsubsection.6.12.2.4}{\376\377\0006\000.\0001\0002\000.\0002\000.\0004\000\040\000b\000e\000t\000a}{subsection.6.12.2}% 283
\BOOKMARK [3][-]{subsubsection.6.12.2.5}{\376\377\0006\000.\0001\0002\000.\0002\000.\0005\000\040\000g}{subsection.6.12.2}% 284
\BOOKMARK [3][-]{subsubsection.6.12.2.6}{\376\377\0006\000.\0001\0002\000.\0002\000.\0006\000\040\000q}{subsection.6.12.2}% 285
\BOOKMARK [3][-]{subsubsection.6.12.2.7}{\376\377\0006\000.\0001\0002\000.\0002\000.\0007\000\040\000r\0001}{subsection.6.12.2}% 286
\BOOKMARK [3][-]{subsubsection.6.12.2.8}{\376\377\0006\000.\0001\0002\000.\0002\000.\0008\000\040\000r\0002}{subsection.6.12.2}% 287
\BOOKMARK [3][-]{subsubsection.6.12.2.9}{\376\377\0006\000.\0001\0002\000.\0002\000.\0009\000\040\000t}{subsection.6.12.2}% 288
\BOOKMARK [1][-]{section.6.13}{\376\377\0006\000.\0001\0003\000\040\000r\000o\000s\000a\000t\000o\000g\000u\000i\000l\000l\000o\000p\000e\000l\000e\000g\000r\000a\000n\000d\000:\000:\000r\000o\000s\000a\000t\000o\000g\000u\000i\000l\000l\000o\000p\000e\000l\000e\000g\000r\000a\000n\000d\000\137\000p\000a\000r\000a\000m\000e\000t\000e\000r\000s\000\040\004\050\004\060\004\061\004\073\004\076\004\075\000\040\004\102\004\070\004\077\004\060}{chapter.6}% 289
\BOOKMARK [2][-]{subsection.6.13.1}{\376\377\0006\000.\0001\0003\000.\0001\000\040\004\037\004\076\004\064\004\100\004\076\004\061\004\075\004\076\004\065\000\040\004\076\004\077\004\070\004\101\004\060\004\075\004\070\004\065}{section.6.13}% 290
\BOOKMARK [2][-]{subsection.6.13.2}{\376\377\0006\000.\0001\0003\000.\0002\000\040\004\024\004\060\004\075\004\075\004\113\004\065\000\040\004\072\004\073\004\060\004\101\004\101\004\060}{section.6.13}% 291
\BOOKMARK [3][-]{subsubsection.6.13.2.1}{\376\377\0006\000.\0001\0003\000.\0002\000.\0001\000\040\000a\0000}{subsection.6.13.2}% 292
\BOOKMARK [3][-]{subsubsection.6.13.2.2}{\376\377\0006\000.\0001\0003\000.\0002\000.\0002\000\040\000p}{subsection.6.13.2}% 293
\BOOKMARK [3][-]{subsubsection.6.13.2.3}{\376\377\0006\000.\0001\0003\000.\0002\000.\0003\000\040\000q}{subsection.6.13.2}% 294
\BOOKMARK [3][-]{subsubsection.6.13.2.4}{\376\377\0006\000.\0001\0003\000.\0002\000.\0004\000\040\000r\0000}{subsection.6.13.2}% 295
\BOOKMARK [3][-]{subsubsection.6.13.2.5}{\376\377\0006\000.\0001\0003\000.\0002\000.\0005\000\040\000r\0001}{subsection.6.13.2}% 296
\BOOKMARK [3][-]{subsubsection.6.13.2.6}{\376\377\0006\000.\0001\0003\000.\0002\000.\0006\000\040\000r\0002}{subsection.6.13.2}% 297
\BOOKMARK [3][-]{subsubsection.6.13.2.7}{\376\377\0006\000.\0001\0003\000.\0002\000.\0007\000\040\000x\000i}{subsection.6.13.2}% 298
\BOOKMARK [1][-]{section.6.14}{\376\377\0006\000.\0001\0004\000\040\000m\000d\000\137\000g\000e\000n\000e\000r\000a\000l\000:\000:\000s\000i\000m\000u\000l\000a\000t\000i\000o\000n\000\137\000c\000e\000l\000l\000\040\004\050\004\060\004\061\004\073\004\076\004\075\000\040\004\102\004\070\004\077\004\060}{chapter.6}% 299
\BOOKMARK [2][-]{subsection.6.14.1}{\376\377\0006\000.\0001\0004\000.\0001\000\040\004\037\004\076\004\064\004\100\004\076\004\061\004\075\004\076\004\065\000\040\004\076\004\077\004\070\004\101\004\060\004\075\004\070\004\065}{section.6.14}% 300
\BOOKMARK [2][-]{subsection.6.14.2}{\376\377\0006\000.\0001\0004\000.\0002\000\040\004\024\004\060\004\075\004\075\004\113\004\065\000\040\004\072\004\073\004\060\004\101\004\101\004\060}{section.6.14}% 301
\BOOKMARK [3][-]{subsubsection.6.14.2.1}{\376\377\0006\000.\0001\0004\000.\0002\000.\0001\000\040\000b\000o\000x\000\137\000s\000i\000z\000e}{subsection.6.14.2}% 302
\BOOKMARK [3][-]{subsubsection.6.14.2.2}{\376\377\0006\000.\0001\0004\000.\0002\000.\0002\000\040\000h\000a\000l\000f\000\137\000b\000o\000x\000\137\000s\000i\000z\000e}{subsection.6.14.2}% 303
\BOOKMARK [1][-]{section.6.15}{\376\377\0006\000.\0001\0005\000\040\000t\000e\000r\000s\000o\000f\000f\000b\000r\000e\000n\000n\000e\000r\000:\000:\000t\000e\000r\000s\000o\000f\000f\000b\000r\000e\000n\000n\000e\000r\000\137\000p\000a\000r\000a\000m\000e\000t\000e\000r\000s\000\040\004\050\004\060\004\061\004\073\004\076\004\075\000\040\004\102\004\070\004\077\004\060}{chapter.6}% 304
\BOOKMARK [2][-]{subsection.6.15.1}{\376\377\0006\000.\0001\0005\000.\0001\000\040\004\037\004\076\004\064\004\100\004\076\004\061\004\075\004\076\004\065\000\040\004\076\004\077\004\070\004\101\004\060\004\075\004\070\004\065}{section.6.15}% 305
\BOOKMARK [2][-]{subsection.6.15.2}{\376\377\0006\000.\0001\0005\000.\0002\000\040\004\024\004\060\004\075\004\075\004\113\004\065\000\040\004\072\004\073\004\060\004\101\004\101\004\060}{section.6.15}% 306
\BOOKMARK [3][-]{subsubsection.6.15.2.1}{\376\377\0006\000.\0001\0005\000.\0002\000.\0001\000\040\000a\0000}{subsection.6.15.2}% 307
\BOOKMARK [3][-]{subsubsection.6.15.2.2}{\376\377\0006\000.\0001\0005\000.\0002\000.\0002\000\040\000b}{subsection.6.15.2}% 308
\BOOKMARK [3][-]{subsubsection.6.15.2.3}{\376\377\0006\000.\0001\0005\000.\0002\000.\0003\000\040\000c\0000}{subsection.6.15.2}% 309
\BOOKMARK [3][-]{subsubsection.6.15.2.4}{\376\377\0006\000.\0001\0005\000.\0002\000.\0004\000\040\000c\0000\0002}{subsection.6.15.2}% 310
\BOOKMARK [3][-]{subsubsection.6.15.2.5}{\376\377\0006\000.\0001\0005\000.\0002\000.\0005\000\040\000d}{subsection.6.15.2}% 311
\BOOKMARK [3][-]{subsubsection.6.15.2.6}{\376\377\0006\000.\0001\0005\000.\0002\000.\0006\000\040\000d\0000}{subsection.6.15.2}% 312
\BOOKMARK [3][-]{subsubsection.6.15.2.7}{\376\377\0006\000.\0001\0005\000.\0002\000.\0007\000\040\000d\0000\0002}{subsection.6.15.2}% 313
\BOOKMARK [3][-]{subsubsection.6.15.2.8}{\376\377\0006\000.\0001\0005\000.\0002\000.\0008\000\040\000d\000e\000l\000t}{subsection.6.15.2}% 314
\BOOKMARK [3][-]{subsubsection.6.15.2.9}{\376\377\0006\000.\0001\0005\000.\0002\000.\0009\000\040\000r\0000}{subsection.6.15.2}% 315
\BOOKMARK [3][-]{subsubsection.6.15.2.10}{\376\377\0006\000.\0001\0005\000.\0002\000.\0001\0000\000\040\000r\0001}{subsection.6.15.2}% 316
\BOOKMARK [3][-]{subsubsection.6.15.2.11}{\376\377\0006\000.\0001\0005\000.\0002\000.\0001\0001\000\040\000r\0002}{subsection.6.15.2}% 317
\BOOKMARK [3][-]{subsubsection.6.15.2.12}{\376\377\0006\000.\0001\0005\000.\0002\000.\0001\0002\000\040\000s}{subsection.6.15.2}% 318
\BOOKMARK [1][-]{section.6.16}{\376\377\0006\000.\0001\0006\000\040\000m\000d\000\137\000g\000e\000n\000e\000r\000a\000l\000:\000:\000t\000i\000m\000e\000\137\000s\000t\000e\000p\000s\000\040\004\050\004\060\004\061\004\073\004\076\004\075\000\040\004\102\004\070\004\077\004\060}{chapter.6}% 319
\BOOKMARK [2][-]{subsection.6.16.1}{\376\377\0006\000.\0001\0006\000.\0001\000\040\004\037\004\076\004\064\004\100\004\076\004\061\004\075\004\076\004\065\000\040\004\076\004\077\004\070\004\101\004\060\004\075\004\070\004\065}{section.6.16}% 320
\BOOKMARK [2][-]{subsection.6.16.2}{\376\377\0006\000.\0001\0006\000.\0002\000\040\004\024\004\060\004\075\004\075\004\113\004\065\000\040\004\072\004\073\004\060\004\101\004\101\004\060}{section.6.16}% 321
\BOOKMARK [3][-]{subsubsection.6.16.2.1}{\376\377\0006\000.\0001\0006\000.\0002\000.\0001\000\040\000s\000i\000m\000u\000l\000a\000t\000i\000o\000n\000\137\000t\000i\000m\000e}{subsection.6.16.2}% 322
\BOOKMARK [3][-]{subsubsection.6.16.2.2}{\376\377\0006\000.\0001\0006\000.\0002\000.\0002\000\040\000t\000s}{subsection.6.16.2}% 323
\BOOKMARK [0][-]{chapter.7}{\376\377\0007\000\040\004\044\004\060\004\071\004\073\004\113}{}% 324
\BOOKMARK [1][-]{section.7.1}{\376\377\0007\000.\0001\000\040\004\044\004\060\004\071\004\073\000\040\000g\000r\000a\000p\000h\000e\000n\000e\000\137\000o\000n\000\137\000s\000u\000r\000f\000a\000c\000e\000\137\000a\000n\000a\000l\000y\000s\000i\000s\000/\000g\000r\000a\000p\000h\000e\000n\000e\000\137\000o\000n\000\137\000s\000u\000r\000f\000a\000c\000e\000\137\000a\000n\000a\000l\000y\000s\000i\000s\000.\000f\0009\0000}{chapter.7}% 325
\BOOKMARK [1][-]{section.7.2}{\376\377\0007\000.\0002\000\040\004\044\004\060\004\071\004\073\000\040\000I\000N\000T\000E\000R\000A\000C\000T\000I\000O\000N\000\137\000P\000O\000T\000E\000N\000T\000I\000A\000L\000S\000/\000c\000u\000t\000\137\000o\000f\000f\000\137\000f\000u\000n\000c\000t\000i\000o\000n\000.\000f\0009\0000}{chapter.7}% 326
\BOOKMARK [1][-]{section.7.3}{\376\377\0007\000.\0003\000\040\004\044\004\060\004\071\004\073\000\040\000I\000N\000T\000E\000R\000A\000C\000T\000I\000O\000N\000\137\000P\000O\000T\000E\000N\000T\000I\000A\000L\000S\000/\000c\000u\000t\000\137\000o\000f\000f\000\137\000p\000o\000l\000y\000.\000f\0009\0000}{chapter.7}% 327
\BOOKMARK [1][-]{section.7.4}{\376\377\0007\000.\0004\000\040\004\044\004\060\004\071\004\073\000\040\000I\000N\000T\000E\000R\000A\000C\000T\000I\000O\000N\000\137\000P\000O\000T\000E\000N\000T\000I\000A\000L\000S\000/\000g\000r\000a\000p\000h\000e\000n\000e\000n\000o\000r\000m\000.\000f\0009\0000}{chapter.7}% 328
\BOOKMARK [1][-]{section.7.5}{\376\377\0007\000.\0005\000\040\004\044\004\060\004\071\004\073\000\040\000I\000N\000T\000E\000R\000A\000C\000T\000I\000O\000N\000\137\000P\000O\000T\000E\000N\000T\000I\000A\000L\000S\000/\000L\000e\000n\000n\000a\000r\000d\000J\000o\000n\000e\000s\000.\000f\0009\0000}{chapter.7}% 329
\BOOKMARK [1][-]{section.7.6}{\376\377\0007\000.\0006\000\040\004\044\004\060\004\071\004\073\000\040\000I\000N\000T\000E\000R\000A\000C\000T\000I\000O\000N\000\137\000P\000O\000T\000E\000N\000T\000I\000A\000L\000S\000/\000L\000e\000n\000n\000a\000r\000d\000J\000o\000n\000e\000s\000\137\0001\000g\000.\000f\0009\0000}{chapter.7}% 330
\BOOKMARK [1][-]{section.7.7}{\376\377\0007\000.\0007\000\040\004\044\004\060\004\071\004\073\000\040\000I\000N\000T\000E\000R\000A\000C\000T\000I\000O\000N\000\137\000P\000O\000T\000E\000N\000T\000I\000A\000L\000S\000/\000L\000e\000n\000n\000a\000r\000d\000J\000o\000n\000e\000s\000C\000o\000s\000i\000n\000e\000.\000f\0009\0000}{chapter.7}% 331
\BOOKMARK [1][-]{section.7.8}{\376\377\0007\000.\0008\000\040\004\044\004\060\004\071\004\073\000\040\000I\000N\000T\000E\000R\000A\000C\000T\000I\000O\000N\000\137\000P\000O\000T\000E\000N\000T\000I\000A\000L\000S\000/\000M\000o\000r\000s\000e\000C\000o\000s\000i\000n\000e\000.\000f\0009\0000}{chapter.7}% 332
\BOOKMARK [1][-]{section.7.9}{\376\377\0007\000.\0009\000\040\004\044\004\060\004\071\004\073\000\040\000I\000N\000T\000E\000R\000A\000C\000T\000I\000O\000N\000\137\000P\000O\000T\000E\000N\000T\000I\000A\000L\000S\000/\000R\000E\000B\000O\000s\000o\000l\000i\000d\000c\000a\000r\000b\000o\000n\000.\000f\0009\0000}{chapter.7}% 333
\BOOKMARK [1][-]{section.7.10}{\376\377\0007\000.\0001\0000\000\040\004\044\004\060\004\071\004\073\000\040\000I\000N\000T\000E\000R\000A\000C\000T\000I\000O\000N\000\137\000P\000O\000T\000E\000N\000T\000I\000A\000L\000S\000/\000R\000o\000s\000a\000t\000o\000G\000u\000i\000l\000l\000o\000p\000e\000L\000e\000g\000r\000a\000n\000d\000.\000f\0009\0000}{chapter.7}% 334
\BOOKMARK [1][-]{section.7.11}{\376\377\0007\000.\0001\0001\000\040\004\044\004\060\004\071\004\073\000\040\000I\000N\000T\000E\000R\000A\000C\000T\000I\000O\000N\000\137\000P\000O\000T\000E\000N\000T\000I\000A\000L\000S\000/\000T\000e\000r\000s\000o\000f\000f\000B\000r\000e\000n\000n\000e\000r\000.\000f\0009\0000}{chapter.7}% 335
\BOOKMARK [1][-]{section.7.12}{\376\377\0007\000.\0001\0002\000\040\004\044\004\060\004\071\004\073\000\040\000l\000j\000c\000\137\000a\000n\000d\000\137\000m\000o\000r\000s\000e\000c\000\137\000m\000o\000i\000r\000e\000\137\000g\000r\000a\000p\000h\000e\000n\000e\000\137\000f\000i\000t\000t\000i\000n\000g\000/\000f\000i\000t\000\137\000g\000r\000\137\000m\000o\000i\000r\000e\000.\000f\0009\0000}{chapter.7}% 336
\BOOKMARK [1][-]{section.7.13}{\376\377\0007\000.\0001\0003\000\040\004\044\004\060\004\071\004\073\000\040\000M\000O\000L\000E\000C\000U\000L\000A\000R\000\137\000D\000Y\000N\000A\000M\000I\000C\000S\000/\000I\000F\000P\000O\000R\000T\000\137\000i\000l\000l\000u\000s\000i\000o\000n\000.\000f\0009\0000}{chapter.7}% 337
\BOOKMARK [1][-]{section.7.14}{\376\377\0007\000.\0001\0004\000\040\004\044\004\060\004\071\004\073\000\040\000M\000O\000L\000E\000C\000U\000L\000A\000R\000\137\000D\000Y\000N\000A\000M\000I\000C\000S\000/\000m\000d\000\137\000g\000e\000n\000e\000r\000a\000l\000.\000f\0009\0000}{chapter.7}% 338
\BOOKMARK [1][-]{section.7.15}{\376\377\0007\000.\0001\0005\000\040\004\044\004\060\004\071\004\073\000\040\000M\000O\000L\000E\000C\000U\000L\000A\000R\000\137\000D\000Y\000N\000A\000M\000I\000C\000S\000/\000m\000d\000\137\000i\000n\000t\000e\000g\000r\000a\000t\000o\000r\000s\000.\000f\0009\0000}{chapter.7}% 339
\BOOKMARK [1][-]{section.7.16}{\376\377\0007\000.\0001\0006\000\040\004\044\004\060\004\071\004\073\000\040\000M\000O\000L\000E\000C\000U\000L\000A\000R\000\137\000D\000Y\000N\000A\000M\000I\000C\000S\000/\000m\000d\000\137\000i\000n\000t\000e\000r\000a\000c\000t\000i\000o\000n\000s\000.\000f\0009\0000}{chapter.7}% 340
\BOOKMARK [1][-]{section.7.17}{\376\377\0007\000.\0001\0007\000\040\004\044\004\060\004\071\004\073\000\040\000M\000O\000L\000E\000C\000U\000L\000A\000R\000\137\000D\000Y\000N\000A\000M\000I\000C\000S\000/\000m\000d\000\137\000n\000e\000i\000g\000h\000b\000o\000u\000r\000s\000.\000f\0009\0000}{chapter.7}% 341
\BOOKMARK [1][-]{section.7.18}{\376\377\0007\000.\0001\0008\000\040\004\044\004\060\004\071\004\073\000\040\000M\000O\000L\000E\000C\000U\000L\000A\000R\000\137\000D\000Y\000N\000A\000M\000I\000C\000S\000/\000m\000d\000\137\000r\000e\000a\000d\000\137\000w\000r\000i\000t\000e\000.\000f\0009\0000}{chapter.7}% 342
\BOOKMARK [1][-]{section.7.19}{\376\377\0007\000.\0001\0009\000\040\004\044\004\060\004\071\004\073\000\040\000M\000O\000L\000E\000C\000U\000L\000A\000R\000\137\000D\000Y\000N\000A\000M\000I\000C\000S\000/\000m\000d\000\137\000s\000i\000m\000u\000l\000a\000t\000i\000o\000n\000.\000f\0009\0000}{chapter.7}% 343
\BOOKMARK [1][-]{section.7.20}{\376\377\0007\000.\0002\0000\000\040\004\044\004\060\004\071\004\073\000\040\000M\000O\000L\000E\000C\000U\000L\000A\000R\000\137\000D\000Y\000N\000A\000M\000I\000C\000S\000/\000p\000e\000r\000f\000o\000m\000a\000n\000c\000e\000\137\000s\000e\000t\000t\000i\000n\000g\000s\000.\000f\0009\0000}{chapter.7}% 344
\BOOKMARK [1][-]{section.7.21}{\376\377\0007\000.\0002\0001\000\040\004\044\004\060\004\071\004\073\000\040\000r\000u\000n\000n\000e\000r\000s\000/\000r\000u\000n\000\137\000g\000r\000\137\000a\000n\000a\000l\000y\000s\000i\000s\000.\000f\0009\0000}{chapter.7}% 345
\BOOKMARK [2][-]{subsection.7.21.1}{\376\377\0007\000.\0002\0001\000.\0001\000\040\004\044\004\103\004\075\004\072\004\106\004\070\004\070\000/\004\077\004\076\004\064\004\077\004\100\004\076\004\063\004\100\004\060\004\074\004\074\004\113}{section.7.21}% 346
\BOOKMARK [3][-]{subsubsection.7.21.1.1}{\376\377\0007\000.\0002\0001\000.\0001\000.\0001\000\040\000r\000u\000n\000\137\000g\000r\000\137\000a\000n\000a\000l\000y\000s\000i\000s\000\050\000\051}{subsection.7.21.1}% 347
\BOOKMARK [1][-]{section.7.22}{\376\377\0007\000.\0002\0002\000\040\004\044\004\060\004\071\004\073\000\040\000r\000u\000n\000n\000e\000r\000s\000/\000r\000u\000n\000\137\000g\000r\000\137\000m\000o\000i\000r\000e\000\137\000f\000i\000t\000t\000i\000n\000g\000.\000f\0009\0000}{chapter.7}% 348
\BOOKMARK [2][-]{subsection.7.22.1}{\376\377\0007\000.\0002\0002\000.\0001\000\040\004\044\004\103\004\075\004\072\004\106\004\070\004\070\000/\004\077\004\076\004\064\004\077\004\100\004\076\004\063\004\100\004\060\004\074\004\074\004\113}{section.7.22}% 349
\BOOKMARK [3][-]{subsubsection.7.22.1.1}{\376\377\0007\000.\0002\0002\000.\0001\000.\0001\000\040\000d\000e\000l\000t\000a\000\137\000e\000r\000r\000o\000r\000\050\000\051}{subsection.7.22.1}% 350
\BOOKMARK [3][-]{subsubsection.7.22.1.2}{\376\377\0007\000.\0002\0002\000.\0001\000.\0002\000\040\000r\000u\000n\000\137\000g\000r\000\137\000m\000o\000i\000r\000e\000\137\000f\000i\000t\000t\000i\000n\000g\000\050\000\051}{subsection.7.22.1}% 351
\BOOKMARK [1][-]{section.7.23}{\376\377\0007\000.\0002\0003\000\040\004\044\004\060\004\071\004\073\000\040\000r\000u\000n\000n\000e\000r\000s\000/\000r\000u\000n\000\137\000m\000d\000\137\000s\000i\000m\000u\000l\000a\000t\000i\000o\000n\000.\000f\0009\0000}{chapter.7}% 352
\BOOKMARK [2][-]{subsection.7.23.1}{\376\377\0007\000.\0002\0003\000.\0001\000\040\004\044\004\103\004\075\004\072\004\106\004\070\004\070\000/\004\077\004\076\004\064\004\077\004\100\004\076\004\063\004\100\004\060\004\074\004\074\004\113}{section.7.23}% 353
\BOOKMARK [3][-]{subsubsection.7.23.1.1}{\376\377\0007\000.\0002\0003\000.\0001\000.\0001\000\040\000m\000d\000\137\000r\000u\000n\000\050\000\051}{subsection.7.23.1}% 354
\BOOKMARK [0][-]{section*.144}{\376\377\004\020\004\073\004\104\004\060\004\062\004\070\004\102\004\075\004\113\004\071\000\040\004\103\004\072\004\060\004\067\004\060\004\102\004\065\004\073\004\114}{}% 355
